Performing C SOURCE FILE Test CMAKE_HAVE_LIBC_PTHREAD failed with the following output:
Change Dir: /home/chiangfire/idea/workspace-cpp/c-study/cmake-build-debug/CMakeFiles/CMakeTmp

Run Build Command(s):/usr/bin/gmake cmTC_5bc5f/fast && /usr/bin/gmake  -f CMakeFiles/cmTC_5bc5f.dir/build.make CMakeFiles/cmTC_5bc5f.dir/build
gmake[1]: 进入目录“/home/chiangfire/idea/workspace-cpp/c-study/cmake-build-debug/CMakeFiles/CMakeTmp”
Building C object CMakeFiles/cmTC_5bc5f.dir/src.c.o
/usr/bin/cc   -DCMAKE_HAVE_LIBC_PTHREAD   -o CMakeFiles/cmTC_5bc5f.dir/src.c.o   -c /home/chiangfire/idea/workspace-cpp/c-study/cmake-build-debug/CMakeFiles/CMakeTmp/src.c
Linking C executable cmTC_5bc5f
/home/chiangfire/idea/clion-2020.3.1/bin/cmake/linux/bin/cmake -E cmake_link_script CMakeFiles/cmTC_5bc5f.dir/link.txt --verbose=1
/usr/bin/cc  -DCMAKE_HAVE_LIBC_PTHREAD    CMakeFiles/cmTC_5bc5f.dir/src.c.o  -o cmTC_5bc5f 
/usr/lib64/gcc/x86_64-suse-linux/10/../../../../x86_64-suse-linux/bin/ld: CMakeFiles/cmTC_5bc5f.dir/src.c.o: in function `main':
src.c:(.text+0x2d): undefined reference to `pthread_create'
/usr/lib64/gcc/x86_64-suse-linux/10/../../../../x86_64-suse-linux/bin/ld: src.c:(.text+0x39): undefined reference to `pthread_detach'
/usr/lib64/gcc/x86_64-suse-linux/10/../../../../x86_64-suse-linux/bin/ld: src.c:(.text+0x45): undefined reference to `pthread_cancel'
/usr/lib64/gcc/x86_64-suse-linux/10/../../../../x86_64-suse-linux/bin/ld: src.c:(.text+0x56): undefined reference to `pthread_join'
collect2: 错误：ld 返回 1
gmake[1]: *** [CMakeFiles/cmTC_5bc5f.dir/build.make:107：cmTC_5bc5f] 错误 1
gmake[1]: 离开目录“/home/chiangfire/idea/workspace-cpp/c-study/cmake-build-debug/CMakeFiles/CMakeTmp”
gmake: *** [Makefile:141：cmTC_5bc5f/fast] 错误 2


Source file was:
#include <pthread.h>

void* test_func(void* data)
{
  return data;
}

int main(void)
{
  pthread_t thread;
  pthread_create(&thread, NULL, test_func, NULL);
  pthread_detach(thread);
  pthread_cancel(thread);
  pthread_join(thread, NULL);
  pthread_atfork(NULL, NULL, NULL);
  pthread_exit(NULL);

  return 0;
}

Determining if the function pthread_create exists in the pthreads failed with the following output:
Change Dir: /home/chiangfire/idea/workspace-cpp/c-study/cmake-build-debug/CMakeFiles/CMakeTmp

Run Build Command(s):/usr/bin/gmake cmTC_baaf5/fast && /usr/bin/gmake  -f CMakeFiles/cmTC_baaf5.dir/build.make CMakeFiles/cmTC_baaf5.dir/build
gmake[1]: 进入目录“/home/chiangfire/idea/workspace-cpp/c-study/cmake-build-debug/CMakeFiles/CMakeTmp”
Building C object CMakeFiles/cmTC_baaf5.dir/CheckFunctionExists.c.o
/usr/bin/cc   -DCHECK_FUNCTION_EXISTS=pthread_create   -o CMakeFiles/cmTC_baaf5.dir/CheckFunctionExists.c.o   -c /home/chiangfire/idea/clion-2020.3.1/bin/cmake/linux/share/cmake-3.17/Modules/CheckFunctionExists.c
Linking C executable cmTC_baaf5
/home/chiangfire/idea/clion-2020.3.1/bin/cmake/linux/bin/cmake -E cmake_link_script CMakeFiles/cmTC_baaf5.dir/link.txt --verbose=1
/usr/bin/cc  -DCHECK_FUNCTION_EXISTS=pthread_create    CMakeFiles/cmTC_baaf5.dir/CheckFunctionExists.c.o  -o cmTC_baaf5  -lpthreads 
/usr/lib64/gcc/x86_64-suse-linux/10/../../../../x86_64-suse-linux/bin/ld: 找不到 -lpthreads
collect2: 错误：ld 返回 1
gmake[1]: *** [CMakeFiles/cmTC_baaf5.dir/build.make:107：cmTC_baaf5] 错误 1
gmake[1]: 离开目录“/home/chiangfire/idea/workspace-cpp/c-study/cmake-build-debug/CMakeFiles/CMakeTmp”
gmake: *** [Makefile:141：cmTC_baaf5/fast] 错误 2



