The system is: Linux - 5.9.1-2-default - x86_64
Compiling the C compiler identification source file "CMakeCCompilerId.c" succeeded.
Compiler: /usr/bin/cc 
Build flags: 
Id flags:  

The output was:
0


Compilation of the C compiler identification source "CMakeCCompilerId.c" produced "a.out"

The C compiler identification is GNU, found in "/home/chiangfire/idea/workspace-cpp/c-study/cmake-build-debug/CMakeFiles/3.17.3/CompilerIdC/a.out"

Compiling the CXX compiler identification source file "CMakeCXXCompilerId.cpp" succeeded.
Compiler: /usr/bin/c++ 
Build flags: 
Id flags:  

The output was:
0


Compilation of the CXX compiler identification source "CMakeCXXCompilerId.cpp" produced "a.out"

The CXX compiler identification is GNU, found in "/home/chiangfire/idea/workspace-cpp/c-study/cmake-build-debug/CMakeFiles/3.17.3/CompilerIdCXX/a.out"

Determining if the C compiler works passed with the following output:
Change Dir: /home/chiangfire/idea/workspace-cpp/c-study/cmake-build-debug/CMakeFiles/CMakeTmp

Run Build Command(s):/usr/bin/gmake cmTC_05751/fast && /usr/bin/gmake  -f CMakeFiles/cmTC_05751.dir/build.make CMakeFiles/cmTC_05751.dir/build
gmake[1]: 进入目录“/home/chiangfire/idea/workspace-cpp/c-study/cmake-build-debug/CMakeFiles/CMakeTmp”
Building C object CMakeFiles/cmTC_05751.dir/testCCompiler.c.o
/usr/bin/cc    -o CMakeFiles/cmTC_05751.dir/testCCompiler.c.o   -c /home/chiangfire/idea/workspace-cpp/c-study/cmake-build-debug/CMakeFiles/CMakeTmp/testCCompiler.c
Linking C executable cmTC_05751
/home/chiangfire/idea/clion-2020.2.4/bin/cmake/linux/bin/cmake -E cmake_link_script CMakeFiles/cmTC_05751.dir/link.txt --verbose=1
/usr/bin/cc      CMakeFiles/cmTC_05751.dir/testCCompiler.c.o  -o cmTC_05751 
gmake[1]: 离开目录“/home/chiangfire/idea/workspace-cpp/c-study/cmake-build-debug/CMakeFiles/CMakeTmp”



Detecting C compiler ABI info compiled with the following output:
Change Dir: /home/chiangfire/idea/workspace-cpp/c-study/cmake-build-debug/CMakeFiles/CMakeTmp

Run Build Command(s):/usr/bin/gmake cmTC_f8315/fast && /usr/bin/gmake  -f CMakeFiles/cmTC_f8315.dir/build.make CMakeFiles/cmTC_f8315.dir/build
gmake[1]: Entering directory '/home/chiangfire/idea/workspace-cpp/c-study/cmake-build-debug/CMakeFiles/CMakeTmp'
Building C object CMakeFiles/cmTC_f8315.dir/CMakeCCompilerABI.c.o
/usr/bin/cc   -v -o CMakeFiles/cmTC_f8315.dir/CMakeCCompilerABI.c.o   -c /home/chiangfire/idea/clion-2020.2.4/bin/cmake/linux/share/cmake-3.17/Modules/CMakeCCompilerABI.c
Using built-in specs.
COLLECT_GCC=/usr/bin/cc
OFFLOAD_TARGET_NAMES=nvptx-none:amdgcn-amdhsa
OFFLOAD_TARGET_DEFAULT=1
Target: x86_64-suse-linux
Configured with: ../configure --prefix=/usr --infodir=/usr/share/info --mandir=/usr/share/man --libdir=/usr/lib64 --libexecdir=/usr/lib64 --enable-languages=c,c++,objc,fortran,obj-c++,ada,go,d --enable-offload-targets=nvptx-none=/usr/nvptx-none,amdgcn-amdhsa=/usr/amdgcn-amdhsa, --without-cuda-driver --enable-checking=release --disable-werror --with-gxx-include-dir=/usr/include/c++/10 --enable-ssp --disable-libssp --disable-libvtv --enable-cet=auto --disable-libcc1 --enable-plugin --with-bugurl=https://bugs.opensuse.org/ --with-pkgversion='SUSE Linux' --with-slibdir=/lib64 --with-system-zlib --enable-libstdcxx-allocator=new --disable-libstdcxx-pch --enable-libphobos --enable-version-specific-runtime-libs --with-gcc-major-version-only --enable-linker-build-id --enable-linux-futex --enable-gnu-indirect-function --program-suffix=-10 --without-system-libunwind --enable-multilib --with-arch-32=x86-64 --with-tune=generic --with-build-config=bootstrap-lto-lean --enable-link-mutex --build=x86_64-suse-linux --host=x86_64-suse-linux
Thread model: posix
Supported LTO compression algorithms: zlib zstd
gcc version 10.2.1 20201028 [revision a78cd759754c92cecbf235ac9b447dcdff6c6e2f] (SUSE Linux) 
COLLECT_GCC_OPTIONS='-v' '-o' 'CMakeFiles/cmTC_f8315.dir/CMakeCCompilerABI.c.o' '-c' '-mtune=generic' '-march=x86-64'
 /usr/lib64/gcc/x86_64-suse-linux/10/cc1 -quiet -v /home/chiangfire/idea/clion-2020.2.4/bin/cmake/linux/share/cmake-3.17/Modules/CMakeCCompilerABI.c -quiet -dumpbase CMakeCCompilerABI.c -mtune=generic -march=x86-64 -auxbase-strip CMakeFiles/cmTC_f8315.dir/CMakeCCompilerABI.c.o -version -o /tmp/ccrzqnyf.s
GNU C17 (SUSE Linux) version 10.2.1 20201028 [revision a78cd759754c92cecbf235ac9b447dcdff6c6e2f] (x86_64-suse-linux)
	compiled by GNU C version 10.2.1 20201028 [revision a78cd759754c92cecbf235ac9b447dcdff6c6e2f], GMP version 6.2.0, MPFR version 4.1.0, MPC version 1.2.0, isl version isl-0.22.1-GMP

warning: MPC header version 1.2.0 differs from library version 1.2.1.
GGC heuristics: --param ggc-min-expand=100 --param ggc-min-heapsize=131072
#include "..." search starts here:
#include <...> search starts here:
 /usr/lib64/gcc/x86_64-suse-linux/10/include
 /usr/local/include
 /usr/lib64/gcc/x86_64-suse-linux/10/include-fixed
 /usr/lib64/gcc/x86_64-suse-linux/10/../../../../x86_64-suse-linux/include
 /usr/include
End of search list.
GNU C17 (SUSE Linux) version 10.2.1 20201028 [revision a78cd759754c92cecbf235ac9b447dcdff6c6e2f] (x86_64-suse-linux)
	compiled by GNU C version 10.2.1 20201028 [revision a78cd759754c92cecbf235ac9b447dcdff6c6e2f], GMP version 6.2.0, MPFR version 4.1.0, MPC version 1.2.0, isl version isl-0.22.1-GMP

warning: MPC header version 1.2.0 differs from library version 1.2.1.
GGC heuristics: --param ggc-min-expand=100 --param ggc-min-heapsize=131072
Compiler executable checksum: 00000000000000000000000000000000
COLLECT_GCC_OPTIONS='-v' '-o' 'CMakeFiles/cmTC_f8315.dir/CMakeCCompilerABI.c.o' '-c' '-mtune=generic' '-march=x86-64'
 /usr/lib64/gcc/x86_64-suse-linux/10/../../../../x86_64-suse-linux/bin/as -v --64 -o CMakeFiles/cmTC_f8315.dir/CMakeCCompilerABI.c.o /tmp/ccrzqnyf.s
GNU assembler version 2.35.0 (x86_64-suse-linux) using BFD version (GNU Binutils; openSUSE Tumbleweed) 2.35.0.20200915-1
COMPILER_PATH=/usr/lib64/gcc/x86_64-suse-linux/10/:/usr/lib64/gcc/x86_64-suse-linux/10/:/usr/lib64/gcc/x86_64-suse-linux/:/usr/lib64/gcc/x86_64-suse-linux/10/:/usr/lib64/gcc/x86_64-suse-linux/:/usr/lib64/gcc/x86_64-suse-linux/10/../../../../x86_64-suse-linux/bin/
LIBRARY_PATH=/usr/lib64/gcc/x86_64-suse-linux/10/:/usr/lib64/gcc/x86_64-suse-linux/10/../../../../lib64/:/lib/../lib64/:/usr/lib/../lib64/:/usr/lib64/gcc/x86_64-suse-linux/10/../../../../x86_64-suse-linux/lib/:/usr/lib64/gcc/x86_64-suse-linux/10/../../../:/lib/:/usr/lib/
COLLECT_GCC_OPTIONS='-v' '-o' 'CMakeFiles/cmTC_f8315.dir/CMakeCCompilerABI.c.o' '-c' '-mtune=generic' '-march=x86-64'
Linking C executable cmTC_f8315
/home/chiangfire/idea/clion-2020.2.4/bin/cmake/linux/bin/cmake -E cmake_link_script CMakeFiles/cmTC_f8315.dir/link.txt --verbose=1
/usr/bin/cc     -v CMakeFiles/cmTC_f8315.dir/CMakeCCompilerABI.c.o  -o cmTC_f8315 
Using built-in specs.
COLLECT_GCC=/usr/bin/cc
COLLECT_LTO_WRAPPER=/usr/lib64/gcc/x86_64-suse-linux/10/lto-wrapper
OFFLOAD_TARGET_NAMES=nvptx-none:amdgcn-amdhsa
OFFLOAD_TARGET_DEFAULT=1
Target: x86_64-suse-linux
Configured with: ../configure --prefix=/usr --infodir=/usr/share/info --mandir=/usr/share/man --libdir=/usr/lib64 --libexecdir=/usr/lib64 --enable-languages=c,c++,objc,fortran,obj-c++,ada,go,d --enable-offload-targets=nvptx-none=/usr/nvptx-none,amdgcn-amdhsa=/usr/amdgcn-amdhsa, --without-cuda-driver --enable-checking=release --disable-werror --with-gxx-include-dir=/usr/include/c++/10 --enable-ssp --disable-libssp --disable-libvtv --enable-cet=auto --disable-libcc1 --enable-plugin --with-bugurl=https://bugs.opensuse.org/ --with-pkgversion='SUSE Linux' --with-slibdir=/lib64 --with-system-zlib --enable-libstdcxx-allocator=new --disable-libstdcxx-pch --enable-libphobos --enable-version-specific-runtime-libs --with-gcc-major-version-only --enable-linker-build-id --enable-linux-futex --enable-gnu-indirect-function --program-suffix=-10 --without-system-libunwind --enable-multilib --with-arch-32=x86-64 --with-tune=generic --with-build-config=bootstrap-lto-lean --enable-link-mutex --build=x86_64-suse-linux --host=x86_64-suse-linux
Thread model: posix
Supported LTO compression algorithms: zlib zstd
gcc version 10.2.1 20201028 [revision a78cd759754c92cecbf235ac9b447dcdff6c6e2f] (SUSE Linux) 
COMPILER_PATH=/usr/lib64/gcc/x86_64-suse-linux/10/:/usr/lib64/gcc/x86_64-suse-linux/10/:/usr/lib64/gcc/x86_64-suse-linux/:/usr/lib64/gcc/x86_64-suse-linux/10/:/usr/lib64/gcc/x86_64-suse-linux/:/usr/lib64/gcc/x86_64-suse-linux/10/../../../../x86_64-suse-linux/bin/
LIBRARY_PATH=/usr/lib64/gcc/x86_64-suse-linux/10/:/usr/lib64/gcc/x86_64-suse-linux/10/../../../../lib64/:/lib/../lib64/:/usr/lib/../lib64/:/usr/lib64/gcc/x86_64-suse-linux/10/../../../../x86_64-suse-linux/lib/:/usr/lib64/gcc/x86_64-suse-linux/10/../../../:/lib/:/usr/lib/
COLLECT_GCC_OPTIONS='-v' '-o' 'cmTC_f8315' '-mtune=generic' '-march=x86-64'
 /usr/lib64/gcc/x86_64-suse-linux/10/collect2 -plugin /usr/lib64/gcc/x86_64-suse-linux/10/liblto_plugin.so -plugin-opt=/usr/lib64/gcc/x86_64-suse-linux/10/lto-wrapper -plugin-opt=-fresolution=/tmp/cc8AY6PB.res -plugin-opt=-pass-through=-lgcc -plugin-opt=-pass-through=-lgcc_s -plugin-opt=-pass-through=-lc -plugin-opt=-pass-through=-lgcc -plugin-opt=-pass-through=-lgcc_s --build-id --eh-frame-hdr -m elf_x86_64 -dynamic-linker /lib64/ld-linux-x86-64.so.2 -o cmTC_f8315 /usr/lib64/gcc/x86_64-suse-linux/10/../../../../lib64/crt1.o /usr/lib64/gcc/x86_64-suse-linux/10/../../../../lib64/crti.o /usr/lib64/gcc/x86_64-suse-linux/10/crtbegin.o -L/usr/lib64/gcc/x86_64-suse-linux/10 -L/usr/lib64/gcc/x86_64-suse-linux/10/../../../../lib64 -L/lib/../lib64 -L/usr/lib/../lib64 -L/usr/lib64/gcc/x86_64-suse-linux/10/../../../../x86_64-suse-linux/lib -L/usr/lib64/gcc/x86_64-suse-linux/10/../../.. CMakeFiles/cmTC_f8315.dir/CMakeCCompilerABI.c.o -lgcc --push-state --as-needed -lgcc_s --pop-state -lc -lgcc --push-state --as-needed -lgcc_s --pop-state /usr/lib64/gcc/x86_64-suse-linux/10/crtend.o /usr/lib64/gcc/x86_64-suse-linux/10/../../../../lib64/crtn.o
COLLECT_GCC_OPTIONS='-v' '-o' 'cmTC_f8315' '-mtune=generic' '-march=x86-64'
gmake[1]: Leaving directory '/home/chiangfire/idea/workspace-cpp/c-study/cmake-build-debug/CMakeFiles/CMakeTmp'



Parsed C implicit include dir info from above output: rv=done
  found start of include info
  found start of implicit include info
    add: [/usr/lib64/gcc/x86_64-suse-linux/10/include]
    add: [/usr/local/include]
    add: [/usr/lib64/gcc/x86_64-suse-linux/10/include-fixed]
    add: [/usr/lib64/gcc/x86_64-suse-linux/10/../../../../x86_64-suse-linux/include]
    add: [/usr/include]
  end of search list found
  collapse include dir [/usr/lib64/gcc/x86_64-suse-linux/10/include] ==> [/usr/lib64/gcc/x86_64-suse-linux/10/include]
  collapse include dir [/usr/local/include] ==> [/usr/local/include]
  collapse include dir [/usr/lib64/gcc/x86_64-suse-linux/10/include-fixed] ==> [/usr/lib64/gcc/x86_64-suse-linux/10/include-fixed]
  collapse include dir [/usr/lib64/gcc/x86_64-suse-linux/10/../../../../x86_64-suse-linux/include] ==> [/usr/x86_64-suse-linux/include]
  collapse include dir [/usr/include] ==> [/usr/include]
  implicit include dirs: [/usr/lib64/gcc/x86_64-suse-linux/10/include;/usr/local/include;/usr/lib64/gcc/x86_64-suse-linux/10/include-fixed;/usr/x86_64-suse-linux/include;/usr/include]


Parsed C implicit link information from above output:
  link line regex: [^( *|.*[/\])(ld|CMAKE_LINK_STARTFILE-NOTFOUND|([^/\]+-)?ld|collect2)[^/\]*( |$)]
  ignore line: [Change Dir: /home/chiangfire/idea/workspace-cpp/c-study/cmake-build-debug/CMakeFiles/CMakeTmp]
  ignore line: []
  ignore line: [Run Build Command(s):/usr/bin/gmake cmTC_f8315/fast && /usr/bin/gmake  -f CMakeFiles/cmTC_f8315.dir/build.make CMakeFiles/cmTC_f8315.dir/build]
  ignore line: [gmake[1]: Entering directory '/home/chiangfire/idea/workspace-cpp/c-study/cmake-build-debug/CMakeFiles/CMakeTmp']
  ignore line: [Building C object CMakeFiles/cmTC_f8315.dir/CMakeCCompilerABI.c.o]
  ignore line: [/usr/bin/cc   -v -o CMakeFiles/cmTC_f8315.dir/CMakeCCompilerABI.c.o   -c /home/chiangfire/idea/clion-2020.2.4/bin/cmake/linux/share/cmake-3.17/Modules/CMakeCCompilerABI.c]
  ignore line: [Using built-in specs.]
  ignore line: [COLLECT_GCC=/usr/bin/cc]
  ignore line: [OFFLOAD_TARGET_NAMES=nvptx-none:amdgcn-amdhsa]
  ignore line: [OFFLOAD_TARGET_DEFAULT=1]
  ignore line: [Target: x86_64-suse-linux]
  ignore line: [Configured with: ../configure --prefix=/usr --infodir=/usr/share/info --mandir=/usr/share/man --libdir=/usr/lib64 --libexecdir=/usr/lib64 --enable-languages=c c++ objc fortran obj-c++ ada go d --enable-offload-targets=nvptx-none=/usr/nvptx-none amdgcn-amdhsa=/usr/amdgcn-amdhsa  --without-cuda-driver --enable-checking=release --disable-werror --with-gxx-include-dir=/usr/include/c++/10 --enable-ssp --disable-libssp --disable-libvtv --enable-cet=auto --disable-libcc1 --enable-plugin --with-bugurl=https://bugs.opensuse.org/ --with-pkgversion='SUSE Linux' --with-slibdir=/lib64 --with-system-zlib --enable-libstdcxx-allocator=new --disable-libstdcxx-pch --enable-libphobos --enable-version-specific-runtime-libs --with-gcc-major-version-only --enable-linker-build-id --enable-linux-futex --enable-gnu-indirect-function --program-suffix=-10 --without-system-libunwind --enable-multilib --with-arch-32=x86-64 --with-tune=generic --with-build-config=bootstrap-lto-lean --enable-link-mutex --build=x86_64-suse-linux --host=x86_64-suse-linux]
  ignore line: [Thread model: posix]
  ignore line: [Supported LTO compression algorithms: zlib zstd]
  ignore line: [gcc version 10.2.1 20201028 [revision a78cd759754c92cecbf235ac9b447dcdff6c6e2f] (SUSE Linux) ]
  ignore line: [COLLECT_GCC_OPTIONS='-v' '-o' 'CMakeFiles/cmTC_f8315.dir/CMakeCCompilerABI.c.o' '-c' '-mtune=generic' '-march=x86-64']
  ignore line: [ /usr/lib64/gcc/x86_64-suse-linux/10/cc1 -quiet -v /home/chiangfire/idea/clion-2020.2.4/bin/cmake/linux/share/cmake-3.17/Modules/CMakeCCompilerABI.c -quiet -dumpbase CMakeCCompilerABI.c -mtune=generic -march=x86-64 -auxbase-strip CMakeFiles/cmTC_f8315.dir/CMakeCCompilerABI.c.o -version -o /tmp/ccrzqnyf.s]
  ignore line: [GNU C17 (SUSE Linux) version 10.2.1 20201028 [revision a78cd759754c92cecbf235ac9b447dcdff6c6e2f] (x86_64-suse-linux)]
  ignore line: [	compiled by GNU C version 10.2.1 20201028 [revision a78cd759754c92cecbf235ac9b447dcdff6c6e2f]  GMP version 6.2.0  MPFR version 4.1.0  MPC version 1.2.0  isl version isl-0.22.1-GMP]
  ignore line: []
  ignore line: [warning: MPC header version 1.2.0 differs from library version 1.2.1.]
  ignore line: [GGC heuristics: --param ggc-min-expand=100 --param ggc-min-heapsize=131072]
  ignore line: [#include "..." search starts here:]
  ignore line: [#include <...> search starts here:]
  ignore line: [ /usr/lib64/gcc/x86_64-suse-linux/10/include]
  ignore line: [ /usr/local/include]
  ignore line: [ /usr/lib64/gcc/x86_64-suse-linux/10/include-fixed]
  ignore line: [ /usr/lib64/gcc/x86_64-suse-linux/10/../../../../x86_64-suse-linux/include]
  ignore line: [ /usr/include]
  ignore line: [End of search list.]
  ignore line: [GNU C17 (SUSE Linux) version 10.2.1 20201028 [revision a78cd759754c92cecbf235ac9b447dcdff6c6e2f] (x86_64-suse-linux)]
  ignore line: [	compiled by GNU C version 10.2.1 20201028 [revision a78cd759754c92cecbf235ac9b447dcdff6c6e2f]  GMP version 6.2.0  MPFR version 4.1.0  MPC version 1.2.0  isl version isl-0.22.1-GMP]
  ignore line: []
  ignore line: [warning: MPC header version 1.2.0 differs from library version 1.2.1.]
  ignore line: [GGC heuristics: --param ggc-min-expand=100 --param ggc-min-heapsize=131072]
  ignore line: [Compiler executable checksum: 00000000000000000000000000000000]
  ignore line: [COLLECT_GCC_OPTIONS='-v' '-o' 'CMakeFiles/cmTC_f8315.dir/CMakeCCompilerABI.c.o' '-c' '-mtune=generic' '-march=x86-64']
  ignore line: [ /usr/lib64/gcc/x86_64-suse-linux/10/../../../../x86_64-suse-linux/bin/as -v --64 -o CMakeFiles/cmTC_f8315.dir/CMakeCCompilerABI.c.o /tmp/ccrzqnyf.s]
  ignore line: [GNU assembler version 2.35.0 (x86_64-suse-linux) using BFD version (GNU Binutils]
  ignore line: [ openSUSE Tumbleweed) 2.35.0.20200915-1]
  ignore line: [COMPILER_PATH=/usr/lib64/gcc/x86_64-suse-linux/10/:/usr/lib64/gcc/x86_64-suse-linux/10/:/usr/lib64/gcc/x86_64-suse-linux/:/usr/lib64/gcc/x86_64-suse-linux/10/:/usr/lib64/gcc/x86_64-suse-linux/:/usr/lib64/gcc/x86_64-suse-linux/10/../../../../x86_64-suse-linux/bin/]
  ignore line: [LIBRARY_PATH=/usr/lib64/gcc/x86_64-suse-linux/10/:/usr/lib64/gcc/x86_64-suse-linux/10/../../../../lib64/:/lib/../lib64/:/usr/lib/../lib64/:/usr/lib64/gcc/x86_64-suse-linux/10/../../../../x86_64-suse-linux/lib/:/usr/lib64/gcc/x86_64-suse-linux/10/../../../:/lib/:/usr/lib/]
  ignore line: [COLLECT_GCC_OPTIONS='-v' '-o' 'CMakeFiles/cmTC_f8315.dir/CMakeCCompilerABI.c.o' '-c' '-mtune=generic' '-march=x86-64']
  ignore line: [Linking C executable cmTC_f8315]
  ignore line: [/home/chiangfire/idea/clion-2020.2.4/bin/cmake/linux/bin/cmake -E cmake_link_script CMakeFiles/cmTC_f8315.dir/link.txt --verbose=1]
  ignore line: [/usr/bin/cc     -v CMakeFiles/cmTC_f8315.dir/CMakeCCompilerABI.c.o  -o cmTC_f8315 ]
  ignore line: [Using built-in specs.]
  ignore line: [COLLECT_GCC=/usr/bin/cc]
  ignore line: [COLLECT_LTO_WRAPPER=/usr/lib64/gcc/x86_64-suse-linux/10/lto-wrapper]
  ignore line: [OFFLOAD_TARGET_NAMES=nvptx-none:amdgcn-amdhsa]
  ignore line: [OFFLOAD_TARGET_DEFAULT=1]
  ignore line: [Target: x86_64-suse-linux]
  ignore line: [Configured with: ../configure --prefix=/usr --infodir=/usr/share/info --mandir=/usr/share/man --libdir=/usr/lib64 --libexecdir=/usr/lib64 --enable-languages=c c++ objc fortran obj-c++ ada go d --enable-offload-targets=nvptx-none=/usr/nvptx-none amdgcn-amdhsa=/usr/amdgcn-amdhsa  --without-cuda-driver --enable-checking=release --disable-werror --with-gxx-include-dir=/usr/include/c++/10 --enable-ssp --disable-libssp --disable-libvtv --enable-cet=auto --disable-libcc1 --enable-plugin --with-bugurl=https://bugs.opensuse.org/ --with-pkgversion='SUSE Linux' --with-slibdir=/lib64 --with-system-zlib --enable-libstdcxx-allocator=new --disable-libstdcxx-pch --enable-libphobos --enable-version-specific-runtime-libs --with-gcc-major-version-only --enable-linker-build-id --enable-linux-futex --enable-gnu-indirect-function --program-suffix=-10 --without-system-libunwind --enable-multilib --with-arch-32=x86-64 --with-tune=generic --with-build-config=bootstrap-lto-lean --enable-link-mutex --build=x86_64-suse-linux --host=x86_64-suse-linux]
  ignore line: [Thread model: posix]
  ignore line: [Supported LTO compression algorithms: zlib zstd]
  ignore line: [gcc version 10.2.1 20201028 [revision a78cd759754c92cecbf235ac9b447dcdff6c6e2f] (SUSE Linux) ]
  ignore line: [COMPILER_PATH=/usr/lib64/gcc/x86_64-suse-linux/10/:/usr/lib64/gcc/x86_64-suse-linux/10/:/usr/lib64/gcc/x86_64-suse-linux/:/usr/lib64/gcc/x86_64-suse-linux/10/:/usr/lib64/gcc/x86_64-suse-linux/:/usr/lib64/gcc/x86_64-suse-linux/10/../../../../x86_64-suse-linux/bin/]
  ignore line: [LIBRARY_PATH=/usr/lib64/gcc/x86_64-suse-linux/10/:/usr/lib64/gcc/x86_64-suse-linux/10/../../../../lib64/:/lib/../lib64/:/usr/lib/../lib64/:/usr/lib64/gcc/x86_64-suse-linux/10/../../../../x86_64-suse-linux/lib/:/usr/lib64/gcc/x86_64-suse-linux/10/../../../:/lib/:/usr/lib/]
  ignore line: [COLLECT_GCC_OPTIONS='-v' '-o' 'cmTC_f8315' '-mtune=generic' '-march=x86-64']
  link line: [ /usr/lib64/gcc/x86_64-suse-linux/10/collect2 -plugin /usr/lib64/gcc/x86_64-suse-linux/10/liblto_plugin.so -plugin-opt=/usr/lib64/gcc/x86_64-suse-linux/10/lto-wrapper -plugin-opt=-fresolution=/tmp/cc8AY6PB.res -plugin-opt=-pass-through=-lgcc -plugin-opt=-pass-through=-lgcc_s -plugin-opt=-pass-through=-lc -plugin-opt=-pass-through=-lgcc -plugin-opt=-pass-through=-lgcc_s --build-id --eh-frame-hdr -m elf_x86_64 -dynamic-linker /lib64/ld-linux-x86-64.so.2 -o cmTC_f8315 /usr/lib64/gcc/x86_64-suse-linux/10/../../../../lib64/crt1.o /usr/lib64/gcc/x86_64-suse-linux/10/../../../../lib64/crti.o /usr/lib64/gcc/x86_64-suse-linux/10/crtbegin.o -L/usr/lib64/gcc/x86_64-suse-linux/10 -L/usr/lib64/gcc/x86_64-suse-linux/10/../../../../lib64 -L/lib/../lib64 -L/usr/lib/../lib64 -L/usr/lib64/gcc/x86_64-suse-linux/10/../../../../x86_64-suse-linux/lib -L/usr/lib64/gcc/x86_64-suse-linux/10/../../.. CMakeFiles/cmTC_f8315.dir/CMakeCCompilerABI.c.o -lgcc --push-state --as-needed -lgcc_s --pop-state -lc -lgcc --push-state --as-needed -lgcc_s --pop-state /usr/lib64/gcc/x86_64-suse-linux/10/crtend.o /usr/lib64/gcc/x86_64-suse-linux/10/../../../../lib64/crtn.o]
    arg [/usr/lib64/gcc/x86_64-suse-linux/10/collect2] ==> ignore
    arg [-plugin] ==> ignore
    arg [/usr/lib64/gcc/x86_64-suse-linux/10/liblto_plugin.so] ==> ignore
    arg [-plugin-opt=/usr/lib64/gcc/x86_64-suse-linux/10/lto-wrapper] ==> ignore
    arg [-plugin-opt=-fresolution=/tmp/cc8AY6PB.res] ==> ignore
    arg [-plugin-opt=-pass-through=-lgcc] ==> ignore
    arg [-plugin-opt=-pass-through=-lgcc_s] ==> ignore
    arg [-plugin-opt=-pass-through=-lc] ==> ignore
    arg [-plugin-opt=-pass-through=-lgcc] ==> ignore
    arg [-plugin-opt=-pass-through=-lgcc_s] ==> ignore
    arg [--build-id] ==> ignore
    arg [--eh-frame-hdr] ==> ignore
    arg [-m] ==> ignore
    arg [elf_x86_64] ==> ignore
    arg [-dynamic-linker] ==> ignore
    arg [/lib64/ld-linux-x86-64.so.2] ==> ignore
    arg [-o] ==> ignore
    arg [cmTC_f8315] ==> ignore
    arg [/usr/lib64/gcc/x86_64-suse-linux/10/../../../../lib64/crt1.o] ==> ignore
    arg [/usr/lib64/gcc/x86_64-suse-linux/10/../../../../lib64/crti.o] ==> ignore
    arg [/usr/lib64/gcc/x86_64-suse-linux/10/crtbegin.o] ==> ignore
    arg [-L/usr/lib64/gcc/x86_64-suse-linux/10] ==> dir [/usr/lib64/gcc/x86_64-suse-linux/10]
    arg [-L/usr/lib64/gcc/x86_64-suse-linux/10/../../../../lib64] ==> dir [/usr/lib64/gcc/x86_64-suse-linux/10/../../../../lib64]
    arg [-L/lib/../lib64] ==> dir [/lib/../lib64]
    arg [-L/usr/lib/../lib64] ==> dir [/usr/lib/../lib64]
    arg [-L/usr/lib64/gcc/x86_64-suse-linux/10/../../../../x86_64-suse-linux/lib] ==> dir [/usr/lib64/gcc/x86_64-suse-linux/10/../../../../x86_64-suse-linux/lib]
    arg [-L/usr/lib64/gcc/x86_64-suse-linux/10/../../..] ==> dir [/usr/lib64/gcc/x86_64-suse-linux/10/../../..]
    arg [CMakeFiles/cmTC_f8315.dir/CMakeCCompilerABI.c.o] ==> ignore
    arg [-lgcc] ==> lib [gcc]
    arg [--push-state] ==> ignore
    arg [--as-needed] ==> ignore
    arg [-lgcc_s] ==> lib [gcc_s]
    arg [--pop-state] ==> ignore
    arg [-lc] ==> lib [c]
    arg [-lgcc] ==> lib [gcc]
    arg [--push-state] ==> ignore
    arg [--as-needed] ==> ignore
    arg [-lgcc_s] ==> lib [gcc_s]
    arg [--pop-state] ==> ignore
    arg [/usr/lib64/gcc/x86_64-suse-linux/10/crtend.o] ==> ignore
    arg [/usr/lib64/gcc/x86_64-suse-linux/10/../../../../lib64/crtn.o] ==> ignore
  collapse library dir [/usr/lib64/gcc/x86_64-suse-linux/10] ==> [/usr/lib64/gcc/x86_64-suse-linux/10]
  collapse library dir [/usr/lib64/gcc/x86_64-suse-linux/10/../../../../lib64] ==> [/usr/lib64]
  collapse library dir [/lib/../lib64] ==> [/lib64]
  collapse library dir [/usr/lib/../lib64] ==> [/usr/lib64]
  collapse library dir [/usr/lib64/gcc/x86_64-suse-linux/10/../../../../x86_64-suse-linux/lib] ==> [/usr/x86_64-suse-linux/lib]
  collapse library dir [/usr/lib64/gcc/x86_64-suse-linux/10/../../..] ==> [/usr/lib64]
  implicit libs: [gcc;gcc_s;c;gcc;gcc_s]
  implicit dirs: [/usr/lib64/gcc/x86_64-suse-linux/10;/usr/lib64;/lib64;/usr/x86_64-suse-linux/lib]
  implicit fwks: []


Determining if the CXX compiler works passed with the following output:
Change Dir: /home/chiangfire/idea/workspace-cpp/c-study/cmake-build-debug/CMakeFiles/CMakeTmp

Run Build Command(s):/usr/bin/gmake cmTC_a0889/fast && /usr/bin/gmake  -f CMakeFiles/cmTC_a0889.dir/build.make CMakeFiles/cmTC_a0889.dir/build
gmake[1]: 进入目录“/home/chiangfire/idea/workspace-cpp/c-study/cmake-build-debug/CMakeFiles/CMakeTmp”
Building CXX object CMakeFiles/cmTC_a0889.dir/testCXXCompiler.cxx.o
/usr/bin/c++     -o CMakeFiles/cmTC_a0889.dir/testCXXCompiler.cxx.o -c /home/chiangfire/idea/workspace-cpp/c-study/cmake-build-debug/CMakeFiles/CMakeTmp/testCXXCompiler.cxx
Linking CXX executable cmTC_a0889
/home/chiangfire/idea/clion-2020.2.4/bin/cmake/linux/bin/cmake -E cmake_link_script CMakeFiles/cmTC_a0889.dir/link.txt --verbose=1
/usr/bin/c++       CMakeFiles/cmTC_a0889.dir/testCXXCompiler.cxx.o  -o cmTC_a0889 
gmake[1]: 离开目录“/home/chiangfire/idea/workspace-cpp/c-study/cmake-build-debug/CMakeFiles/CMakeTmp”



Detecting CXX compiler ABI info compiled with the following output:
Change Dir: /home/chiangfire/idea/workspace-cpp/c-study/cmake-build-debug/CMakeFiles/CMakeTmp

Run Build Command(s):/usr/bin/gmake cmTC_2b8cc/fast && /usr/bin/gmake  -f CMakeFiles/cmTC_2b8cc.dir/build.make CMakeFiles/cmTC_2b8cc.dir/build
gmake[1]: Entering directory '/home/chiangfire/idea/workspace-cpp/c-study/cmake-build-debug/CMakeFiles/CMakeTmp'
Building CXX object CMakeFiles/cmTC_2b8cc.dir/CMakeCXXCompilerABI.cpp.o
/usr/bin/c++    -v -o CMakeFiles/cmTC_2b8cc.dir/CMakeCXXCompilerABI.cpp.o -c /home/chiangfire/idea/clion-2020.2.4/bin/cmake/linux/share/cmake-3.17/Modules/CMakeCXXCompilerABI.cpp
Using built-in specs.
COLLECT_GCC=/usr/bin/c++
OFFLOAD_TARGET_NAMES=nvptx-none:amdgcn-amdhsa
OFFLOAD_TARGET_DEFAULT=1
Target: x86_64-suse-linux
Configured with: ../configure --prefix=/usr --infodir=/usr/share/info --mandir=/usr/share/man --libdir=/usr/lib64 --libexecdir=/usr/lib64 --enable-languages=c,c++,objc,fortran,obj-c++,ada,go,d --enable-offload-targets=nvptx-none=/usr/nvptx-none,amdgcn-amdhsa=/usr/amdgcn-amdhsa, --without-cuda-driver --enable-checking=release --disable-werror --with-gxx-include-dir=/usr/include/c++/10 --enable-ssp --disable-libssp --disable-libvtv --enable-cet=auto --disable-libcc1 --enable-plugin --with-bugurl=https://bugs.opensuse.org/ --with-pkgversion='SUSE Linux' --with-slibdir=/lib64 --with-system-zlib --enable-libstdcxx-allocator=new --disable-libstdcxx-pch --enable-libphobos --enable-version-specific-runtime-libs --with-gcc-major-version-only --enable-linker-build-id --enable-linux-futex --enable-gnu-indirect-function --program-suffix=-10 --without-system-libunwind --enable-multilib --with-arch-32=x86-64 --with-tune=generic --with-build-config=bootstrap-lto-lean --enable-link-mutex --build=x86_64-suse-linux --host=x86_64-suse-linux
Thread model: posix
Supported LTO compression algorithms: zlib zstd
gcc version 10.2.1 20201028 [revision a78cd759754c92cecbf235ac9b447dcdff6c6e2f] (SUSE Linux) 
COLLECT_GCC_OPTIONS='-v' '-o' 'CMakeFiles/cmTC_2b8cc.dir/CMakeCXXCompilerABI.cpp.o' '-c' '-shared-libgcc' '-mtune=generic' '-march=x86-64'
 /usr/lib64/gcc/x86_64-suse-linux/10/cc1plus -quiet -v -D_GNU_SOURCE /home/chiangfire/idea/clion-2020.2.4/bin/cmake/linux/share/cmake-3.17/Modules/CMakeCXXCompilerABI.cpp -quiet -dumpbase CMakeCXXCompilerABI.cpp -mtune=generic -march=x86-64 -auxbase-strip CMakeFiles/cmTC_2b8cc.dir/CMakeCXXCompilerABI.cpp.o -version -o /tmp/ccBH9xyU.s
GNU C++14 (SUSE Linux) version 10.2.1 20201028 [revision a78cd759754c92cecbf235ac9b447dcdff6c6e2f] (x86_64-suse-linux)
	compiled by GNU C version 10.2.1 20201028 [revision a78cd759754c92cecbf235ac9b447dcdff6c6e2f], GMP version 6.2.0, MPFR version 4.1.0, MPC version 1.2.0, isl version isl-0.22.1-GMP

warning: MPC header version 1.2.0 differs from library version 1.2.1.
GGC heuristics: --param ggc-min-expand=100 --param ggc-min-heapsize=131072
#include "..." search starts here:
#include <...> search starts here:
 /usr/include/c++/10
 /usr/include/c++/10/x86_64-suse-linux
 /usr/include/c++/10/backward
 /usr/lib64/gcc/x86_64-suse-linux/10/include
 /usr/local/include
 /usr/lib64/gcc/x86_64-suse-linux/10/include-fixed
 /usr/lib64/gcc/x86_64-suse-linux/10/../../../../x86_64-suse-linux/include
 /usr/include
End of search list.
GNU C++14 (SUSE Linux) version 10.2.1 20201028 [revision a78cd759754c92cecbf235ac9b447dcdff6c6e2f] (x86_64-suse-linux)
	compiled by GNU C version 10.2.1 20201028 [revision a78cd759754c92cecbf235ac9b447dcdff6c6e2f], GMP version 6.2.0, MPFR version 4.1.0, MPC version 1.2.0, isl version isl-0.22.1-GMP

warning: MPC header version 1.2.0 differs from library version 1.2.1.
GGC heuristics: --param ggc-min-expand=100 --param ggc-min-heapsize=131072
Compiler executable checksum: 00000000000000000000000000000000
COLLECT_GCC_OPTIONS='-v' '-o' 'CMakeFiles/cmTC_2b8cc.dir/CMakeCXXCompilerABI.cpp.o' '-c' '-shared-libgcc' '-mtune=generic' '-march=x86-64'
 /usr/lib64/gcc/x86_64-suse-linux/10/../../../../x86_64-suse-linux/bin/as -v --64 -o CMakeFiles/cmTC_2b8cc.dir/CMakeCXXCompilerABI.cpp.o /tmp/ccBH9xyU.s
GNU assembler version 2.35.0 (x86_64-suse-linux) using BFD version (GNU Binutils; openSUSE Tumbleweed) 2.35.0.20200915-1
COMPILER_PATH=/usr/lib64/gcc/x86_64-suse-linux/10/:/usr/lib64/gcc/x86_64-suse-linux/10/:/usr/lib64/gcc/x86_64-suse-linux/:/usr/lib64/gcc/x86_64-suse-linux/10/:/usr/lib64/gcc/x86_64-suse-linux/:/usr/lib64/gcc/x86_64-suse-linux/10/../../../../x86_64-suse-linux/bin/
LIBRARY_PATH=/usr/lib64/gcc/x86_64-suse-linux/10/:/usr/lib64/gcc/x86_64-suse-linux/10/../../../../lib64/:/lib/../lib64/:/usr/lib/../lib64/:/usr/lib64/gcc/x86_64-suse-linux/10/../../../../x86_64-suse-linux/lib/:/usr/lib64/gcc/x86_64-suse-linux/10/../../../:/lib/:/usr/lib/
COLLECT_GCC_OPTIONS='-v' '-o' 'CMakeFiles/cmTC_2b8cc.dir/CMakeCXXCompilerABI.cpp.o' '-c' '-shared-libgcc' '-mtune=generic' '-march=x86-64'
Linking CXX executable cmTC_2b8cc
/home/chiangfire/idea/clion-2020.2.4/bin/cmake/linux/bin/cmake -E cmake_link_script CMakeFiles/cmTC_2b8cc.dir/link.txt --verbose=1
/usr/bin/c++      -v CMakeFiles/cmTC_2b8cc.dir/CMakeCXXCompilerABI.cpp.o  -o cmTC_2b8cc 
Using built-in specs.
COLLECT_GCC=/usr/bin/c++
COLLECT_LTO_WRAPPER=/usr/lib64/gcc/x86_64-suse-linux/10/lto-wrapper
OFFLOAD_TARGET_NAMES=nvptx-none:amdgcn-amdhsa
OFFLOAD_TARGET_DEFAULT=1
Target: x86_64-suse-linux
Configured with: ../configure --prefix=/usr --infodir=/usr/share/info --mandir=/usr/share/man --libdir=/usr/lib64 --libexecdir=/usr/lib64 --enable-languages=c,c++,objc,fortran,obj-c++,ada,go,d --enable-offload-targets=nvptx-none=/usr/nvptx-none,amdgcn-amdhsa=/usr/amdgcn-amdhsa, --without-cuda-driver --enable-checking=release --disable-werror --with-gxx-include-dir=/usr/include/c++/10 --enable-ssp --disable-libssp --disable-libvtv --enable-cet=auto --disable-libcc1 --enable-plugin --with-bugurl=https://bugs.opensuse.org/ --with-pkgversion='SUSE Linux' --with-slibdir=/lib64 --with-system-zlib --enable-libstdcxx-allocator=new --disable-libstdcxx-pch --enable-libphobos --enable-version-specific-runtime-libs --with-gcc-major-version-only --enable-linker-build-id --enable-linux-futex --enable-gnu-indirect-function --program-suffix=-10 --without-system-libunwind --enable-multilib --with-arch-32=x86-64 --with-tune=generic --with-build-config=bootstrap-lto-lean --enable-link-mutex --build=x86_64-suse-linux --host=x86_64-suse-linux
Thread model: posix
Supported LTO compression algorithms: zlib zstd
gcc version 10.2.1 20201028 [revision a78cd759754c92cecbf235ac9b447dcdff6c6e2f] (SUSE Linux) 
COMPILER_PATH=/usr/lib64/gcc/x86_64-suse-linux/10/:/usr/lib64/gcc/x86_64-suse-linux/10/:/usr/lib64/gcc/x86_64-suse-linux/:/usr/lib64/gcc/x86_64-suse-linux/10/:/usr/lib64/gcc/x86_64-suse-linux/:/usr/lib64/gcc/x86_64-suse-linux/10/../../../../x86_64-suse-linux/bin/
LIBRARY_PATH=/usr/lib64/gcc/x86_64-suse-linux/10/:/usr/lib64/gcc/x86_64-suse-linux/10/../../../../lib64/:/lib/../lib64/:/usr/lib/../lib64/:/usr/lib64/gcc/x86_64-suse-linux/10/../../../../x86_64-suse-linux/lib/:/usr/lib64/gcc/x86_64-suse-linux/10/../../../:/lib/:/usr/lib/
COLLECT_GCC_OPTIONS='-v' '-o' 'cmTC_2b8cc' '-shared-libgcc' '-mtune=generic' '-march=x86-64'
 /usr/lib64/gcc/x86_64-suse-linux/10/collect2 -plugin /usr/lib64/gcc/x86_64-suse-linux/10/liblto_plugin.so -plugin-opt=/usr/lib64/gcc/x86_64-suse-linux/10/lto-wrapper -plugin-opt=-fresolution=/tmp/ccdJIWch.res -plugin-opt=-pass-through=-lgcc_s -plugin-opt=-pass-through=-lgcc -plugin-opt=-pass-through=-lc -plugin-opt=-pass-through=-lgcc_s -plugin-opt=-pass-through=-lgcc --build-id --eh-frame-hdr -m elf_x86_64 -dynamic-linker /lib64/ld-linux-x86-64.so.2 -o cmTC_2b8cc /usr/lib64/gcc/x86_64-suse-linux/10/../../../../lib64/crt1.o /usr/lib64/gcc/x86_64-suse-linux/10/../../../../lib64/crti.o /usr/lib64/gcc/x86_64-suse-linux/10/crtbegin.o -L/usr/lib64/gcc/x86_64-suse-linux/10 -L/usr/lib64/gcc/x86_64-suse-linux/10/../../../../lib64 -L/lib/../lib64 -L/usr/lib/../lib64 -L/usr/lib64/gcc/x86_64-suse-linux/10/../../../../x86_64-suse-linux/lib -L/usr/lib64/gcc/x86_64-suse-linux/10/../../.. CMakeFiles/cmTC_2b8cc.dir/CMakeCXXCompilerABI.cpp.o -lstdc++ -lm -lgcc_s -lgcc -lc -lgcc_s -lgcc /usr/lib64/gcc/x86_64-suse-linux/10/crtend.o /usr/lib64/gcc/x86_64-suse-linux/10/../../../../lib64/crtn.o
COLLECT_GCC_OPTIONS='-v' '-o' 'cmTC_2b8cc' '-shared-libgcc' '-mtune=generic' '-march=x86-64'
gmake[1]: Leaving directory '/home/chiangfire/idea/workspace-cpp/c-study/cmake-build-debug/CMakeFiles/CMakeTmp'



Parsed CXX implicit include dir info from above output: rv=done
  found start of include info
  found start of implicit include info
    add: [/usr/include/c++/10]
    add: [/usr/include/c++/10/x86_64-suse-linux]
    add: [/usr/include/c++/10/backward]
    add: [/usr/lib64/gcc/x86_64-suse-linux/10/include]
    add: [/usr/local/include]
    add: [/usr/lib64/gcc/x86_64-suse-linux/10/include-fixed]
    add: [/usr/lib64/gcc/x86_64-suse-linux/10/../../../../x86_64-suse-linux/include]
    add: [/usr/include]
  end of search list found
  collapse include dir [/usr/include/c++/10] ==> [/usr/include/c++/10]
  collapse include dir [/usr/include/c++/10/x86_64-suse-linux] ==> [/usr/include/c++/10/x86_64-suse-linux]
  collapse include dir [/usr/include/c++/10/backward] ==> [/usr/include/c++/10/backward]
  collapse include dir [/usr/lib64/gcc/x86_64-suse-linux/10/include] ==> [/usr/lib64/gcc/x86_64-suse-linux/10/include]
  collapse include dir [/usr/local/include] ==> [/usr/local/include]
  collapse include dir [/usr/lib64/gcc/x86_64-suse-linux/10/include-fixed] ==> [/usr/lib64/gcc/x86_64-suse-linux/10/include-fixed]
  collapse include dir [/usr/lib64/gcc/x86_64-suse-linux/10/../../../../x86_64-suse-linux/include] ==> [/usr/x86_64-suse-linux/include]
  collapse include dir [/usr/include] ==> [/usr/include]
  implicit include dirs: [/usr/include/c++/10;/usr/include/c++/10/x86_64-suse-linux;/usr/include/c++/10/backward;/usr/lib64/gcc/x86_64-suse-linux/10/include;/usr/local/include;/usr/lib64/gcc/x86_64-suse-linux/10/include-fixed;/usr/x86_64-suse-linux/include;/usr/include]


Parsed CXX implicit link information from above output:
  link line regex: [^( *|.*[/\])(ld|CMAKE_LINK_STARTFILE-NOTFOUND|([^/\]+-)?ld|collect2)[^/\]*( |$)]
  ignore line: [Change Dir: /home/chiangfire/idea/workspace-cpp/c-study/cmake-build-debug/CMakeFiles/CMakeTmp]
  ignore line: []
  ignore line: [Run Build Command(s):/usr/bin/gmake cmTC_2b8cc/fast && /usr/bin/gmake  -f CMakeFiles/cmTC_2b8cc.dir/build.make CMakeFiles/cmTC_2b8cc.dir/build]
  ignore line: [gmake[1]: Entering directory '/home/chiangfire/idea/workspace-cpp/c-study/cmake-build-debug/CMakeFiles/CMakeTmp']
  ignore line: [Building CXX object CMakeFiles/cmTC_2b8cc.dir/CMakeCXXCompilerABI.cpp.o]
  ignore line: [/usr/bin/c++    -v -o CMakeFiles/cmTC_2b8cc.dir/CMakeCXXCompilerABI.cpp.o -c /home/chiangfire/idea/clion-2020.2.4/bin/cmake/linux/share/cmake-3.17/Modules/CMakeCXXCompilerABI.cpp]
  ignore line: [Using built-in specs.]
  ignore line: [COLLECT_GCC=/usr/bin/c++]
  ignore line: [OFFLOAD_TARGET_NAMES=nvptx-none:amdgcn-amdhsa]
  ignore line: [OFFLOAD_TARGET_DEFAULT=1]
  ignore line: [Target: x86_64-suse-linux]
  ignore line: [Configured with: ../configure --prefix=/usr --infodir=/usr/share/info --mandir=/usr/share/man --libdir=/usr/lib64 --libexecdir=/usr/lib64 --enable-languages=c c++ objc fortran obj-c++ ada go d --enable-offload-targets=nvptx-none=/usr/nvptx-none amdgcn-amdhsa=/usr/amdgcn-amdhsa  --without-cuda-driver --enable-checking=release --disable-werror --with-gxx-include-dir=/usr/include/c++/10 --enable-ssp --disable-libssp --disable-libvtv --enable-cet=auto --disable-libcc1 --enable-plugin --with-bugurl=https://bugs.opensuse.org/ --with-pkgversion='SUSE Linux' --with-slibdir=/lib64 --with-system-zlib --enable-libstdcxx-allocator=new --disable-libstdcxx-pch --enable-libphobos --enable-version-specific-runtime-libs --with-gcc-major-version-only --enable-linker-build-id --enable-linux-futex --enable-gnu-indirect-function --program-suffix=-10 --without-system-libunwind --enable-multilib --with-arch-32=x86-64 --with-tune=generic --with-build-config=bootstrap-lto-lean --enable-link-mutex --build=x86_64-suse-linux --host=x86_64-suse-linux]
  ignore line: [Thread model: posix]
  ignore line: [Supported LTO compression algorithms: zlib zstd]
  ignore line: [gcc version 10.2.1 20201028 [revision a78cd759754c92cecbf235ac9b447dcdff6c6e2f] (SUSE Linux) ]
  ignore line: [COLLECT_GCC_OPTIONS='-v' '-o' 'CMakeFiles/cmTC_2b8cc.dir/CMakeCXXCompilerABI.cpp.o' '-c' '-shared-libgcc' '-mtune=generic' '-march=x86-64']
  ignore line: [ /usr/lib64/gcc/x86_64-suse-linux/10/cc1plus -quiet -v -D_GNU_SOURCE /home/chiangfire/idea/clion-2020.2.4/bin/cmake/linux/share/cmake-3.17/Modules/CMakeCXXCompilerABI.cpp -quiet -dumpbase CMakeCXXCompilerABI.cpp -mtune=generic -march=x86-64 -auxbase-strip CMakeFiles/cmTC_2b8cc.dir/CMakeCXXCompilerABI.cpp.o -version -o /tmp/ccBH9xyU.s]
  ignore line: [GNU C++14 (SUSE Linux) version 10.2.1 20201028 [revision a78cd759754c92cecbf235ac9b447dcdff6c6e2f] (x86_64-suse-linux)]
  ignore line: [	compiled by GNU C version 10.2.1 20201028 [revision a78cd759754c92cecbf235ac9b447dcdff6c6e2f]  GMP version 6.2.0  MPFR version 4.1.0  MPC version 1.2.0  isl version isl-0.22.1-GMP]
  ignore line: []
  ignore line: [warning: MPC header version 1.2.0 differs from library version 1.2.1.]
  ignore line: [GGC heuristics: --param ggc-min-expand=100 --param ggc-min-heapsize=131072]
  ignore line: [#include "..." search starts here:]
  ignore line: [#include <...> search starts here:]
  ignore line: [ /usr/include/c++/10]
  ignore line: [ /usr/include/c++/10/x86_64-suse-linux]
  ignore line: [ /usr/include/c++/10/backward]
  ignore line: [ /usr/lib64/gcc/x86_64-suse-linux/10/include]
  ignore line: [ /usr/local/include]
  ignore line: [ /usr/lib64/gcc/x86_64-suse-linux/10/include-fixed]
  ignore line: [ /usr/lib64/gcc/x86_64-suse-linux/10/../../../../x86_64-suse-linux/include]
  ignore line: [ /usr/include]
  ignore line: [End of search list.]
  ignore line: [GNU C++14 (SUSE Linux) version 10.2.1 20201028 [revision a78cd759754c92cecbf235ac9b447dcdff6c6e2f] (x86_64-suse-linux)]
  ignore line: [	compiled by GNU C version 10.2.1 20201028 [revision a78cd759754c92cecbf235ac9b447dcdff6c6e2f]  GMP version 6.2.0  MPFR version 4.1.0  MPC version 1.2.0  isl version isl-0.22.1-GMP]
  ignore line: []
  ignore line: [warning: MPC header version 1.2.0 differs from library version 1.2.1.]
  ignore line: [GGC heuristics: --param ggc-min-expand=100 --param ggc-min-heapsize=131072]
  ignore line: [Compiler executable checksum: 00000000000000000000000000000000]
  ignore line: [COLLECT_GCC_OPTIONS='-v' '-o' 'CMakeFiles/cmTC_2b8cc.dir/CMakeCXXCompilerABI.cpp.o' '-c' '-shared-libgcc' '-mtune=generic' '-march=x86-64']
  ignore line: [ /usr/lib64/gcc/x86_64-suse-linux/10/../../../../x86_64-suse-linux/bin/as -v --64 -o CMakeFiles/cmTC_2b8cc.dir/CMakeCXXCompilerABI.cpp.o /tmp/ccBH9xyU.s]
  ignore line: [GNU assembler version 2.35.0 (x86_64-suse-linux) using BFD version (GNU Binutils]
  ignore line: [ openSUSE Tumbleweed) 2.35.0.20200915-1]
  ignore line: [COMPILER_PATH=/usr/lib64/gcc/x86_64-suse-linux/10/:/usr/lib64/gcc/x86_64-suse-linux/10/:/usr/lib64/gcc/x86_64-suse-linux/:/usr/lib64/gcc/x86_64-suse-linux/10/:/usr/lib64/gcc/x86_64-suse-linux/:/usr/lib64/gcc/x86_64-suse-linux/10/../../../../x86_64-suse-linux/bin/]
  ignore line: [LIBRARY_PATH=/usr/lib64/gcc/x86_64-suse-linux/10/:/usr/lib64/gcc/x86_64-suse-linux/10/../../../../lib64/:/lib/../lib64/:/usr/lib/../lib64/:/usr/lib64/gcc/x86_64-suse-linux/10/../../../../x86_64-suse-linux/lib/:/usr/lib64/gcc/x86_64-suse-linux/10/../../../:/lib/:/usr/lib/]
  ignore line: [COLLECT_GCC_OPTIONS='-v' '-o' 'CMakeFiles/cmTC_2b8cc.dir/CMakeCXXCompilerABI.cpp.o' '-c' '-shared-libgcc' '-mtune=generic' '-march=x86-64']
  ignore line: [Linking CXX executable cmTC_2b8cc]
  ignore line: [/home/chiangfire/idea/clion-2020.2.4/bin/cmake/linux/bin/cmake -E cmake_link_script CMakeFiles/cmTC_2b8cc.dir/link.txt --verbose=1]
  ignore line: [/usr/bin/c++      -v CMakeFiles/cmTC_2b8cc.dir/CMakeCXXCompilerABI.cpp.o  -o cmTC_2b8cc ]
  ignore line: [Using built-in specs.]
  ignore line: [COLLECT_GCC=/usr/bin/c++]
  ignore line: [COLLECT_LTO_WRAPPER=/usr/lib64/gcc/x86_64-suse-linux/10/lto-wrapper]
  ignore line: [OFFLOAD_TARGET_NAMES=nvptx-none:amdgcn-amdhsa]
  ignore line: [OFFLOAD_TARGET_DEFAULT=1]
  ignore line: [Target: x86_64-suse-linux]
  ignore line: [Configured with: ../configure --prefix=/usr --infodir=/usr/share/info --mandir=/usr/share/man --libdir=/usr/lib64 --libexecdir=/usr/lib64 --enable-languages=c c++ objc fortran obj-c++ ada go d --enable-offload-targets=nvptx-none=/usr/nvptx-none amdgcn-amdhsa=/usr/amdgcn-amdhsa  --without-cuda-driver --enable-checking=release --disable-werror --with-gxx-include-dir=/usr/include/c++/10 --enable-ssp --disable-libssp --disable-libvtv --enable-cet=auto --disable-libcc1 --enable-plugin --with-bugurl=https://bugs.opensuse.org/ --with-pkgversion='SUSE Linux' --with-slibdir=/lib64 --with-system-zlib --enable-libstdcxx-allocator=new --disable-libstdcxx-pch --enable-libphobos --enable-version-specific-runtime-libs --with-gcc-major-version-only --enable-linker-build-id --enable-linux-futex --enable-gnu-indirect-function --program-suffix=-10 --without-system-libunwind --enable-multilib --with-arch-32=x86-64 --with-tune=generic --with-build-config=bootstrap-lto-lean --enable-link-mutex --build=x86_64-suse-linux --host=x86_64-suse-linux]
  ignore line: [Thread model: posix]
  ignore line: [Supported LTO compression algorithms: zlib zstd]
  ignore line: [gcc version 10.2.1 20201028 [revision a78cd759754c92cecbf235ac9b447dcdff6c6e2f] (SUSE Linux) ]
  ignore line: [COMPILER_PATH=/usr/lib64/gcc/x86_64-suse-linux/10/:/usr/lib64/gcc/x86_64-suse-linux/10/:/usr/lib64/gcc/x86_64-suse-linux/:/usr/lib64/gcc/x86_64-suse-linux/10/:/usr/lib64/gcc/x86_64-suse-linux/:/usr/lib64/gcc/x86_64-suse-linux/10/../../../../x86_64-suse-linux/bin/]
  ignore line: [LIBRARY_PATH=/usr/lib64/gcc/x86_64-suse-linux/10/:/usr/lib64/gcc/x86_64-suse-linux/10/../../../../lib64/:/lib/../lib64/:/usr/lib/../lib64/:/usr/lib64/gcc/x86_64-suse-linux/10/../../../../x86_64-suse-linux/lib/:/usr/lib64/gcc/x86_64-suse-linux/10/../../../:/lib/:/usr/lib/]
  ignore line: [COLLECT_GCC_OPTIONS='-v' '-o' 'cmTC_2b8cc' '-shared-libgcc' '-mtune=generic' '-march=x86-64']
  link line: [ /usr/lib64/gcc/x86_64-suse-linux/10/collect2 -plugin /usr/lib64/gcc/x86_64-suse-linux/10/liblto_plugin.so -plugin-opt=/usr/lib64/gcc/x86_64-suse-linux/10/lto-wrapper -plugin-opt=-fresolution=/tmp/ccdJIWch.res -plugin-opt=-pass-through=-lgcc_s -plugin-opt=-pass-through=-lgcc -plugin-opt=-pass-through=-lc -plugin-opt=-pass-through=-lgcc_s -plugin-opt=-pass-through=-lgcc --build-id --eh-frame-hdr -m elf_x86_64 -dynamic-linker /lib64/ld-linux-x86-64.so.2 -o cmTC_2b8cc /usr/lib64/gcc/x86_64-suse-linux/10/../../../../lib64/crt1.o /usr/lib64/gcc/x86_64-suse-linux/10/../../../../lib64/crti.o /usr/lib64/gcc/x86_64-suse-linux/10/crtbegin.o -L/usr/lib64/gcc/x86_64-suse-linux/10 -L/usr/lib64/gcc/x86_64-suse-linux/10/../../../../lib64 -L/lib/../lib64 -L/usr/lib/../lib64 -L/usr/lib64/gcc/x86_64-suse-linux/10/../../../../x86_64-suse-linux/lib -L/usr/lib64/gcc/x86_64-suse-linux/10/../../.. CMakeFiles/cmTC_2b8cc.dir/CMakeCXXCompilerABI.cpp.o -lstdc++ -lm -lgcc_s -lgcc -lc -lgcc_s -lgcc /usr/lib64/gcc/x86_64-suse-linux/10/crtend.o /usr/lib64/gcc/x86_64-suse-linux/10/../../../../lib64/crtn.o]
    arg [/usr/lib64/gcc/x86_64-suse-linux/10/collect2] ==> ignore
    arg [-plugin] ==> ignore
    arg [/usr/lib64/gcc/x86_64-suse-linux/10/liblto_plugin.so] ==> ignore
    arg [-plugin-opt=/usr/lib64/gcc/x86_64-suse-linux/10/lto-wrapper] ==> ignore
    arg [-plugin-opt=-fresolution=/tmp/ccdJIWch.res] ==> ignore
    arg [-plugin-opt=-pass-through=-lgcc_s] ==> ignore
    arg [-plugin-opt=-pass-through=-lgcc] ==> ignore
    arg [-plugin-opt=-pass-through=-lc] ==> ignore
    arg [-plugin-opt=-pass-through=-lgcc_s] ==> ignore
    arg [-plugin-opt=-pass-through=-lgcc] ==> ignore
    arg [--build-id] ==> ignore
    arg [--eh-frame-hdr] ==> ignore
    arg [-m] ==> ignore
    arg [elf_x86_64] ==> ignore
    arg [-dynamic-linker] ==> ignore
    arg [/lib64/ld-linux-x86-64.so.2] ==> ignore
    arg [-o] ==> ignore
    arg [cmTC_2b8cc] ==> ignore
    arg [/usr/lib64/gcc/x86_64-suse-linux/10/../../../../lib64/crt1.o] ==> ignore
    arg [/usr/lib64/gcc/x86_64-suse-linux/10/../../../../lib64/crti.o] ==> ignore
    arg [/usr/lib64/gcc/x86_64-suse-linux/10/crtbegin.o] ==> ignore
    arg [-L/usr/lib64/gcc/x86_64-suse-linux/10] ==> dir [/usr/lib64/gcc/x86_64-suse-linux/10]
    arg [-L/usr/lib64/gcc/x86_64-suse-linux/10/../../../../lib64] ==> dir [/usr/lib64/gcc/x86_64-suse-linux/10/../../../../lib64]
    arg [-L/lib/../lib64] ==> dir [/lib/../lib64]
    arg [-L/usr/lib/../lib64] ==> dir [/usr/lib/../lib64]
    arg [-L/usr/lib64/gcc/x86_64-suse-linux/10/../../../../x86_64-suse-linux/lib] ==> dir [/usr/lib64/gcc/x86_64-suse-linux/10/../../../../x86_64-suse-linux/lib]
    arg [-L/usr/lib64/gcc/x86_64-suse-linux/10/../../..] ==> dir [/usr/lib64/gcc/x86_64-suse-linux/10/../../..]
    arg [CMakeFiles/cmTC_2b8cc.dir/CMakeCXXCompilerABI.cpp.o] ==> ignore
    arg [-lstdc++] ==> lib [stdc++]
    arg [-lm] ==> lib [m]
    arg [-lgcc_s] ==> lib [gcc_s]
    arg [-lgcc] ==> lib [gcc]
    arg [-lc] ==> lib [c]
    arg [-lgcc_s] ==> lib [gcc_s]
    arg [-lgcc] ==> lib [gcc]
    arg [/usr/lib64/gcc/x86_64-suse-linux/10/crtend.o] ==> ignore
    arg [/usr/lib64/gcc/x86_64-suse-linux/10/../../../../lib64/crtn.o] ==> ignore
  collapse library dir [/usr/lib64/gcc/x86_64-suse-linux/10] ==> [/usr/lib64/gcc/x86_64-suse-linux/10]
  collapse library dir [/usr/lib64/gcc/x86_64-suse-linux/10/../../../../lib64] ==> [/usr/lib64]
  collapse library dir [/lib/../lib64] ==> [/lib64]
  collapse library dir [/usr/lib/../lib64] ==> [/usr/lib64]
  collapse library dir [/usr/lib64/gcc/x86_64-suse-linux/10/../../../../x86_64-suse-linux/lib] ==> [/usr/x86_64-suse-linux/lib]
  collapse library dir [/usr/lib64/gcc/x86_64-suse-linux/10/../../..] ==> [/usr/lib64]
  implicit libs: [stdc++;m;gcc_s;gcc;c;gcc_s;gcc]
  implicit dirs: [/usr/lib64/gcc/x86_64-suse-linux/10;/usr/lib64;/lib64;/usr/x86_64-suse-linux/lib]
  implicit fwks: []


The system is: Linux - 5.10.7-1-default - x86_64
Compiling the C compiler identification source file "CMakeCCompilerId.c" succeeded.
Compiler: /usr/bin/cc 
Build flags: 
Id flags:  

The output was:
0


Compilation of the C compiler identification source "CMakeCCompilerId.c" produced "a.out"

The C compiler identification is GNU, found in "/home/chiangfire/idea/workspace-cpp/c-study/cmake-build-debug/CMakeFiles/3.17.5/CompilerIdC/a.out"

Compiling the CXX compiler identification source file "CMakeCXXCompilerId.cpp" succeeded.
Compiler: /usr/bin/c++ 
Build flags: 
Id flags:  

The output was:
0


Compilation of the CXX compiler identification source "CMakeCXXCompilerId.cpp" produced "a.out"

The CXX compiler identification is GNU, found in "/home/chiangfire/idea/workspace-cpp/c-study/cmake-build-debug/CMakeFiles/3.17.5/CompilerIdCXX/a.out"

Determining if the C compiler works passed with the following output:
Change Dir: /home/chiangfire/idea/workspace-cpp/c-study/cmake-build-debug/CMakeFiles/CMakeTmp

Run Build Command(s):/usr/bin/gmake cmTC_9ae67/fast && /usr/bin/gmake  -f CMakeFiles/cmTC_9ae67.dir/build.make CMakeFiles/cmTC_9ae67.dir/build
gmake[1]: 进入目录“/home/chiangfire/idea/workspace-cpp/c-study/cmake-build-debug/CMakeFiles/CMakeTmp”
Building C object CMakeFiles/cmTC_9ae67.dir/testCCompiler.c.o
/usr/bin/cc    -o CMakeFiles/cmTC_9ae67.dir/testCCompiler.c.o   -c /home/chiangfire/idea/workspace-cpp/c-study/cmake-build-debug/CMakeFiles/CMakeTmp/testCCompiler.c
Linking C executable cmTC_9ae67
/home/chiangfire/idea/clion-2020.3.1/bin/cmake/linux/bin/cmake -E cmake_link_script CMakeFiles/cmTC_9ae67.dir/link.txt --verbose=1
/usr/bin/cc      CMakeFiles/cmTC_9ae67.dir/testCCompiler.c.o  -o cmTC_9ae67 
gmake[1]: 离开目录“/home/chiangfire/idea/workspace-cpp/c-study/cmake-build-debug/CMakeFiles/CMakeTmp”



Detecting C compiler ABI info compiled with the following output:
Change Dir: /home/chiangfire/idea/workspace-cpp/c-study/cmake-build-debug/CMakeFiles/CMakeTmp

Run Build Command(s):/usr/bin/gmake cmTC_9d7c6/fast && /usr/bin/gmake  -f CMakeFiles/cmTC_9d7c6.dir/build.make CMakeFiles/cmTC_9d7c6.dir/build
gmake[1]: Entering directory '/home/chiangfire/idea/workspace-cpp/c-study/cmake-build-debug/CMakeFiles/CMakeTmp'
Building C object CMakeFiles/cmTC_9d7c6.dir/CMakeCCompilerABI.c.o
/usr/bin/cc   -v -o CMakeFiles/cmTC_9d7c6.dir/CMakeCCompilerABI.c.o   -c /home/chiangfire/idea/clion-2020.3.1/bin/cmake/linux/share/cmake-3.17/Modules/CMakeCCompilerABI.c
Using built-in specs.
COLLECT_GCC=/usr/bin/cc
OFFLOAD_TARGET_NAMES=nvptx-none:amdgcn-amdhsa
OFFLOAD_TARGET_DEFAULT=1
Target: x86_64-suse-linux
Configured with: ../configure --prefix=/usr --infodir=/usr/share/info --mandir=/usr/share/man --libdir=/usr/lib64 --libexecdir=/usr/lib64 --enable-languages=c,c++,objc,fortran,obj-c++,ada,go,d --enable-offload-targets=nvptx-none,amdgcn-amdhsa, --without-cuda-driver --enable-checking=release --disable-werror --with-gxx-include-dir=/usr/include/c++/10 --enable-ssp --disable-libssp --disable-libvtv --enable-cet=auto --disable-libcc1 --enable-plugin --with-bugurl=https://bugs.opensuse.org/ --with-pkgversion='SUSE Linux' --with-slibdir=/lib64 --with-system-zlib --enable-libstdcxx-allocator=new --disable-libstdcxx-pch --enable-libphobos --enable-version-specific-runtime-libs --with-gcc-major-version-only --enable-linker-build-id --enable-linux-futex --enable-gnu-indirect-function --program-suffix=-10 --without-system-libunwind --enable-multilib --with-arch-32=x86-64 --with-tune=generic --with-build-config=bootstrap-lto-lean --enable-link-mutex --build=x86_64-suse-linux --host=x86_64-suse-linux
Thread model: posix
Supported LTO compression algorithms: zlib zstd
gcc version 10.2.1 20201202 [revision e563687cf9d3d1278f45aaebd03e0f66531076c9] (SUSE Linux) 
COLLECT_GCC_OPTIONS='-v' '-o' 'CMakeFiles/cmTC_9d7c6.dir/CMakeCCompilerABI.c.o' '-c' '-mtune=generic' '-march=x86-64'
 /usr/lib64/gcc/x86_64-suse-linux/10/cc1 -quiet -v /home/chiangfire/idea/clion-2020.3.1/bin/cmake/linux/share/cmake-3.17/Modules/CMakeCCompilerABI.c -quiet -dumpbase CMakeCCompilerABI.c -mtune=generic -march=x86-64 -auxbase-strip CMakeFiles/cmTC_9d7c6.dir/CMakeCCompilerABI.c.o -version -o /tmp/ccW6yZBe.s
GNU C17 (SUSE Linux) version 10.2.1 20201202 [revision e563687cf9d3d1278f45aaebd03e0f66531076c9] (x86_64-suse-linux)
	compiled by GNU C version 10.2.1 20201202 [revision e563687cf9d3d1278f45aaebd03e0f66531076c9], GMP version 6.2.1, MPFR version 4.1.0, MPC version 1.2.1, isl version isl-0.23-GMP

GGC heuristics: --param ggc-min-expand=100 --param ggc-min-heapsize=131072
#include "..." search starts here:
#include <...> search starts here:
 /usr/lib64/gcc/x86_64-suse-linux/10/include
 /usr/local/include
 /usr/lib64/gcc/x86_64-suse-linux/10/include-fixed
 /usr/lib64/gcc/x86_64-suse-linux/10/../../../../x86_64-suse-linux/include
 /usr/include
End of search list.
GNU C17 (SUSE Linux) version 10.2.1 20201202 [revision e563687cf9d3d1278f45aaebd03e0f66531076c9] (x86_64-suse-linux)
	compiled by GNU C version 10.2.1 20201202 [revision e563687cf9d3d1278f45aaebd03e0f66531076c9], GMP version 6.2.1, MPFR version 4.1.0, MPC version 1.2.1, isl version isl-0.23-GMP

GGC heuristics: --param ggc-min-expand=100 --param ggc-min-heapsize=131072
Compiler executable checksum: 00000000000000000000000000000000
COLLECT_GCC_OPTIONS='-v' '-o' 'CMakeFiles/cmTC_9d7c6.dir/CMakeCCompilerABI.c.o' '-c' '-mtune=generic' '-march=x86-64'
 /usr/lib64/gcc/x86_64-suse-linux/10/../../../../x86_64-suse-linux/bin/as -v --64 -o CMakeFiles/cmTC_9d7c6.dir/CMakeCCompilerABI.c.o /tmp/ccW6yZBe.s
GNU assembler version 2.35.1 (x86_64-suse-linux) using BFD version (GNU Binutils; openSUSE Tumbleweed) 2.35.1.20201112-1
COMPILER_PATH=/usr/lib64/gcc/x86_64-suse-linux/10/:/usr/lib64/gcc/x86_64-suse-linux/10/:/usr/lib64/gcc/x86_64-suse-linux/:/usr/lib64/gcc/x86_64-suse-linux/10/:/usr/lib64/gcc/x86_64-suse-linux/:/usr/lib64/gcc/x86_64-suse-linux/10/../../../../x86_64-suse-linux/bin/
LIBRARY_PATH=/usr/lib64/gcc/x86_64-suse-linux/10/:/usr/lib64/gcc/x86_64-suse-linux/10/../../../../lib64/:/lib/../lib64/:/usr/lib/../lib64/:/usr/lib64/gcc/x86_64-suse-linux/10/../../../../x86_64-suse-linux/lib/:/usr/lib64/gcc/x86_64-suse-linux/10/../../../:/lib/:/usr/lib/
COLLECT_GCC_OPTIONS='-v' '-o' 'CMakeFiles/cmTC_9d7c6.dir/CMakeCCompilerABI.c.o' '-c' '-mtune=generic' '-march=x86-64'
Linking C executable cmTC_9d7c6
/home/chiangfire/idea/clion-2020.3.1/bin/cmake/linux/bin/cmake -E cmake_link_script CMakeFiles/cmTC_9d7c6.dir/link.txt --verbose=1
/usr/bin/cc     -v CMakeFiles/cmTC_9d7c6.dir/CMakeCCompilerABI.c.o  -o cmTC_9d7c6 
Using built-in specs.
COLLECT_GCC=/usr/bin/cc
COLLECT_LTO_WRAPPER=/usr/lib64/gcc/x86_64-suse-linux/10/lto-wrapper
OFFLOAD_TARGET_NAMES=nvptx-none:amdgcn-amdhsa
OFFLOAD_TARGET_DEFAULT=1
Target: x86_64-suse-linux
Configured with: ../configure --prefix=/usr --infodir=/usr/share/info --mandir=/usr/share/man --libdir=/usr/lib64 --libexecdir=/usr/lib64 --enable-languages=c,c++,objc,fortran,obj-c++,ada,go,d --enable-offload-targets=nvptx-none,amdgcn-amdhsa, --without-cuda-driver --enable-checking=release --disable-werror --with-gxx-include-dir=/usr/include/c++/10 --enable-ssp --disable-libssp --disable-libvtv --enable-cet=auto --disable-libcc1 --enable-plugin --with-bugurl=https://bugs.opensuse.org/ --with-pkgversion='SUSE Linux' --with-slibdir=/lib64 --with-system-zlib --enable-libstdcxx-allocator=new --disable-libstdcxx-pch --enable-libphobos --enable-version-specific-runtime-libs --with-gcc-major-version-only --enable-linker-build-id --enable-linux-futex --enable-gnu-indirect-function --program-suffix=-10 --without-system-libunwind --enable-multilib --with-arch-32=x86-64 --with-tune=generic --with-build-config=bootstrap-lto-lean --enable-link-mutex --build=x86_64-suse-linux --host=x86_64-suse-linux
Thread model: posix
Supported LTO compression algorithms: zlib zstd
gcc version 10.2.1 20201202 [revision e563687cf9d3d1278f45aaebd03e0f66531076c9] (SUSE Linux) 
COMPILER_PATH=/usr/lib64/gcc/x86_64-suse-linux/10/:/usr/lib64/gcc/x86_64-suse-linux/10/:/usr/lib64/gcc/x86_64-suse-linux/:/usr/lib64/gcc/x86_64-suse-linux/10/:/usr/lib64/gcc/x86_64-suse-linux/:/usr/lib64/gcc/x86_64-suse-linux/10/../../../../x86_64-suse-linux/bin/
LIBRARY_PATH=/usr/lib64/gcc/x86_64-suse-linux/10/:/usr/lib64/gcc/x86_64-suse-linux/10/../../../../lib64/:/lib/../lib64/:/usr/lib/../lib64/:/usr/lib64/gcc/x86_64-suse-linux/10/../../../../x86_64-suse-linux/lib/:/usr/lib64/gcc/x86_64-suse-linux/10/../../../:/lib/:/usr/lib/
COLLECT_GCC_OPTIONS='-v' '-o' 'cmTC_9d7c6' '-mtune=generic' '-march=x86-64'
 /usr/lib64/gcc/x86_64-suse-linux/10/collect2 -plugin /usr/lib64/gcc/x86_64-suse-linux/10/liblto_plugin.so -plugin-opt=/usr/lib64/gcc/x86_64-suse-linux/10/lto-wrapper -plugin-opt=-fresolution=/tmp/ccFLJOSA.res -plugin-opt=-pass-through=-lgcc -plugin-opt=-pass-through=-lgcc_s -plugin-opt=-pass-through=-lc -plugin-opt=-pass-through=-lgcc -plugin-opt=-pass-through=-lgcc_s --build-id --eh-frame-hdr -m elf_x86_64 -dynamic-linker /lib64/ld-linux-x86-64.so.2 -o cmTC_9d7c6 /usr/lib64/gcc/x86_64-suse-linux/10/../../../../lib64/crt1.o /usr/lib64/gcc/x86_64-suse-linux/10/../../../../lib64/crti.o /usr/lib64/gcc/x86_64-suse-linux/10/crtbegin.o -L/usr/lib64/gcc/x86_64-suse-linux/10 -L/usr/lib64/gcc/x86_64-suse-linux/10/../../../../lib64 -L/lib/../lib64 -L/usr/lib/../lib64 -L/usr/lib64/gcc/x86_64-suse-linux/10/../../../../x86_64-suse-linux/lib -L/usr/lib64/gcc/x86_64-suse-linux/10/../../.. CMakeFiles/cmTC_9d7c6.dir/CMakeCCompilerABI.c.o -lgcc --push-state --as-needed -lgcc_s --pop-state -lc -lgcc --push-state --as-needed -lgcc_s --pop-state /usr/lib64/gcc/x86_64-suse-linux/10/crtend.o /usr/lib64/gcc/x86_64-suse-linux/10/../../../../lib64/crtn.o
COLLECT_GCC_OPTIONS='-v' '-o' 'cmTC_9d7c6' '-mtune=generic' '-march=x86-64'
gmake[1]: Leaving directory '/home/chiangfire/idea/workspace-cpp/c-study/cmake-build-debug/CMakeFiles/CMakeTmp'



Parsed C implicit include dir info from above output: rv=done
  found start of include info
  found start of implicit include info
    add: [/usr/lib64/gcc/x86_64-suse-linux/10/include]
    add: [/usr/local/include]
    add: [/usr/lib64/gcc/x86_64-suse-linux/10/include-fixed]
    add: [/usr/lib64/gcc/x86_64-suse-linux/10/../../../../x86_64-suse-linux/include]
    add: [/usr/include]
  end of search list found
  collapse include dir [/usr/lib64/gcc/x86_64-suse-linux/10/include] ==> [/usr/lib64/gcc/x86_64-suse-linux/10/include]
  collapse include dir [/usr/local/include] ==> [/usr/local/include]
  collapse include dir [/usr/lib64/gcc/x86_64-suse-linux/10/include-fixed] ==> [/usr/lib64/gcc/x86_64-suse-linux/10/include-fixed]
  collapse include dir [/usr/lib64/gcc/x86_64-suse-linux/10/../../../../x86_64-suse-linux/include] ==> [/usr/x86_64-suse-linux/include]
  collapse include dir [/usr/include] ==> [/usr/include]
  implicit include dirs: [/usr/lib64/gcc/x86_64-suse-linux/10/include;/usr/local/include;/usr/lib64/gcc/x86_64-suse-linux/10/include-fixed;/usr/x86_64-suse-linux/include;/usr/include]


Parsed C implicit link information from above output:
  link line regex: [^( *|.*[/\])(ld|CMAKE_LINK_STARTFILE-NOTFOUND|([^/\]+-)?ld|collect2)[^/\]*( |$)]
  ignore line: [Change Dir: /home/chiangfire/idea/workspace-cpp/c-study/cmake-build-debug/CMakeFiles/CMakeTmp]
  ignore line: []
  ignore line: [Run Build Command(s):/usr/bin/gmake cmTC_9d7c6/fast && /usr/bin/gmake  -f CMakeFiles/cmTC_9d7c6.dir/build.make CMakeFiles/cmTC_9d7c6.dir/build]
  ignore line: [gmake[1]: Entering directory '/home/chiangfire/idea/workspace-cpp/c-study/cmake-build-debug/CMakeFiles/CMakeTmp']
  ignore line: [Building C object CMakeFiles/cmTC_9d7c6.dir/CMakeCCompilerABI.c.o]
  ignore line: [/usr/bin/cc   -v -o CMakeFiles/cmTC_9d7c6.dir/CMakeCCompilerABI.c.o   -c /home/chiangfire/idea/clion-2020.3.1/bin/cmake/linux/share/cmake-3.17/Modules/CMakeCCompilerABI.c]
  ignore line: [Using built-in specs.]
  ignore line: [COLLECT_GCC=/usr/bin/cc]
  ignore line: [OFFLOAD_TARGET_NAMES=nvptx-none:amdgcn-amdhsa]
  ignore line: [OFFLOAD_TARGET_DEFAULT=1]
  ignore line: [Target: x86_64-suse-linux]
  ignore line: [Configured with: ../configure --prefix=/usr --infodir=/usr/share/info --mandir=/usr/share/man --libdir=/usr/lib64 --libexecdir=/usr/lib64 --enable-languages=c c++ objc fortran obj-c++ ada go d --enable-offload-targets=nvptx-none amdgcn-amdhsa  --without-cuda-driver --enable-checking=release --disable-werror --with-gxx-include-dir=/usr/include/c++/10 --enable-ssp --disable-libssp --disable-libvtv --enable-cet=auto --disable-libcc1 --enable-plugin --with-bugurl=https://bugs.opensuse.org/ --with-pkgversion='SUSE Linux' --with-slibdir=/lib64 --with-system-zlib --enable-libstdcxx-allocator=new --disable-libstdcxx-pch --enable-libphobos --enable-version-specific-runtime-libs --with-gcc-major-version-only --enable-linker-build-id --enable-linux-futex --enable-gnu-indirect-function --program-suffix=-10 --without-system-libunwind --enable-multilib --with-arch-32=x86-64 --with-tune=generic --with-build-config=bootstrap-lto-lean --enable-link-mutex --build=x86_64-suse-linux --host=x86_64-suse-linux]
  ignore line: [Thread model: posix]
  ignore line: [Supported LTO compression algorithms: zlib zstd]
  ignore line: [gcc version 10.2.1 20201202 [revision e563687cf9d3d1278f45aaebd03e0f66531076c9] (SUSE Linux) ]
  ignore line: [COLLECT_GCC_OPTIONS='-v' '-o' 'CMakeFiles/cmTC_9d7c6.dir/CMakeCCompilerABI.c.o' '-c' '-mtune=generic' '-march=x86-64']
  ignore line: [ /usr/lib64/gcc/x86_64-suse-linux/10/cc1 -quiet -v /home/chiangfire/idea/clion-2020.3.1/bin/cmake/linux/share/cmake-3.17/Modules/CMakeCCompilerABI.c -quiet -dumpbase CMakeCCompilerABI.c -mtune=generic -march=x86-64 -auxbase-strip CMakeFiles/cmTC_9d7c6.dir/CMakeCCompilerABI.c.o -version -o /tmp/ccW6yZBe.s]
  ignore line: [GNU C17 (SUSE Linux) version 10.2.1 20201202 [revision e563687cf9d3d1278f45aaebd03e0f66531076c9] (x86_64-suse-linux)]
  ignore line: [	compiled by GNU C version 10.2.1 20201202 [revision e563687cf9d3d1278f45aaebd03e0f66531076c9]  GMP version 6.2.1  MPFR version 4.1.0  MPC version 1.2.1  isl version isl-0.23-GMP]
  ignore line: []
  ignore line: [GGC heuristics: --param ggc-min-expand=100 --param ggc-min-heapsize=131072]
  ignore line: [#include "..." search starts here:]
  ignore line: [#include <...> search starts here:]
  ignore line: [ /usr/lib64/gcc/x86_64-suse-linux/10/include]
  ignore line: [ /usr/local/include]
  ignore line: [ /usr/lib64/gcc/x86_64-suse-linux/10/include-fixed]
  ignore line: [ /usr/lib64/gcc/x86_64-suse-linux/10/../../../../x86_64-suse-linux/include]
  ignore line: [ /usr/include]
  ignore line: [End of search list.]
  ignore line: [GNU C17 (SUSE Linux) version 10.2.1 20201202 [revision e563687cf9d3d1278f45aaebd03e0f66531076c9] (x86_64-suse-linux)]
  ignore line: [	compiled by GNU C version 10.2.1 20201202 [revision e563687cf9d3d1278f45aaebd03e0f66531076c9]  GMP version 6.2.1  MPFR version 4.1.0  MPC version 1.2.1  isl version isl-0.23-GMP]
  ignore line: []
  ignore line: [GGC heuristics: --param ggc-min-expand=100 --param ggc-min-heapsize=131072]
  ignore line: [Compiler executable checksum: 00000000000000000000000000000000]
  ignore line: [COLLECT_GCC_OPTIONS='-v' '-o' 'CMakeFiles/cmTC_9d7c6.dir/CMakeCCompilerABI.c.o' '-c' '-mtune=generic' '-march=x86-64']
  ignore line: [ /usr/lib64/gcc/x86_64-suse-linux/10/../../../../x86_64-suse-linux/bin/as -v --64 -o CMakeFiles/cmTC_9d7c6.dir/CMakeCCompilerABI.c.o /tmp/ccW6yZBe.s]
  ignore line: [GNU assembler version 2.35.1 (x86_64-suse-linux) using BFD version (GNU Binutils]
  ignore line: [ openSUSE Tumbleweed) 2.35.1.20201112-1]
  ignore line: [COMPILER_PATH=/usr/lib64/gcc/x86_64-suse-linux/10/:/usr/lib64/gcc/x86_64-suse-linux/10/:/usr/lib64/gcc/x86_64-suse-linux/:/usr/lib64/gcc/x86_64-suse-linux/10/:/usr/lib64/gcc/x86_64-suse-linux/:/usr/lib64/gcc/x86_64-suse-linux/10/../../../../x86_64-suse-linux/bin/]
  ignore line: [LIBRARY_PATH=/usr/lib64/gcc/x86_64-suse-linux/10/:/usr/lib64/gcc/x86_64-suse-linux/10/../../../../lib64/:/lib/../lib64/:/usr/lib/../lib64/:/usr/lib64/gcc/x86_64-suse-linux/10/../../../../x86_64-suse-linux/lib/:/usr/lib64/gcc/x86_64-suse-linux/10/../../../:/lib/:/usr/lib/]
  ignore line: [COLLECT_GCC_OPTIONS='-v' '-o' 'CMakeFiles/cmTC_9d7c6.dir/CMakeCCompilerABI.c.o' '-c' '-mtune=generic' '-march=x86-64']
  ignore line: [Linking C executable cmTC_9d7c6]
  ignore line: [/home/chiangfire/idea/clion-2020.3.1/bin/cmake/linux/bin/cmake -E cmake_link_script CMakeFiles/cmTC_9d7c6.dir/link.txt --verbose=1]
  ignore line: [/usr/bin/cc     -v CMakeFiles/cmTC_9d7c6.dir/CMakeCCompilerABI.c.o  -o cmTC_9d7c6 ]
  ignore line: [Using built-in specs.]
  ignore line: [COLLECT_GCC=/usr/bin/cc]
  ignore line: [COLLECT_LTO_WRAPPER=/usr/lib64/gcc/x86_64-suse-linux/10/lto-wrapper]
  ignore line: [OFFLOAD_TARGET_NAMES=nvptx-none:amdgcn-amdhsa]
  ignore line: [OFFLOAD_TARGET_DEFAULT=1]
  ignore line: [Target: x86_64-suse-linux]
  ignore line: [Configured with: ../configure --prefix=/usr --infodir=/usr/share/info --mandir=/usr/share/man --libdir=/usr/lib64 --libexecdir=/usr/lib64 --enable-languages=c c++ objc fortran obj-c++ ada go d --enable-offload-targets=nvptx-none amdgcn-amdhsa  --without-cuda-driver --enable-checking=release --disable-werror --with-gxx-include-dir=/usr/include/c++/10 --enable-ssp --disable-libssp --disable-libvtv --enable-cet=auto --disable-libcc1 --enable-plugin --with-bugurl=https://bugs.opensuse.org/ --with-pkgversion='SUSE Linux' --with-slibdir=/lib64 --with-system-zlib --enable-libstdcxx-allocator=new --disable-libstdcxx-pch --enable-libphobos --enable-version-specific-runtime-libs --with-gcc-major-version-only --enable-linker-build-id --enable-linux-futex --enable-gnu-indirect-function --program-suffix=-10 --without-system-libunwind --enable-multilib --with-arch-32=x86-64 --with-tune=generic --with-build-config=bootstrap-lto-lean --enable-link-mutex --build=x86_64-suse-linux --host=x86_64-suse-linux]
  ignore line: [Thread model: posix]
  ignore line: [Supported LTO compression algorithms: zlib zstd]
  ignore line: [gcc version 10.2.1 20201202 [revision e563687cf9d3d1278f45aaebd03e0f66531076c9] (SUSE Linux) ]
  ignore line: [COMPILER_PATH=/usr/lib64/gcc/x86_64-suse-linux/10/:/usr/lib64/gcc/x86_64-suse-linux/10/:/usr/lib64/gcc/x86_64-suse-linux/:/usr/lib64/gcc/x86_64-suse-linux/10/:/usr/lib64/gcc/x86_64-suse-linux/:/usr/lib64/gcc/x86_64-suse-linux/10/../../../../x86_64-suse-linux/bin/]
  ignore line: [LIBRARY_PATH=/usr/lib64/gcc/x86_64-suse-linux/10/:/usr/lib64/gcc/x86_64-suse-linux/10/../../../../lib64/:/lib/../lib64/:/usr/lib/../lib64/:/usr/lib64/gcc/x86_64-suse-linux/10/../../../../x86_64-suse-linux/lib/:/usr/lib64/gcc/x86_64-suse-linux/10/../../../:/lib/:/usr/lib/]
  ignore line: [COLLECT_GCC_OPTIONS='-v' '-o' 'cmTC_9d7c6' '-mtune=generic' '-march=x86-64']
  link line: [ /usr/lib64/gcc/x86_64-suse-linux/10/collect2 -plugin /usr/lib64/gcc/x86_64-suse-linux/10/liblto_plugin.so -plugin-opt=/usr/lib64/gcc/x86_64-suse-linux/10/lto-wrapper -plugin-opt=-fresolution=/tmp/ccFLJOSA.res -plugin-opt=-pass-through=-lgcc -plugin-opt=-pass-through=-lgcc_s -plugin-opt=-pass-through=-lc -plugin-opt=-pass-through=-lgcc -plugin-opt=-pass-through=-lgcc_s --build-id --eh-frame-hdr -m elf_x86_64 -dynamic-linker /lib64/ld-linux-x86-64.so.2 -o cmTC_9d7c6 /usr/lib64/gcc/x86_64-suse-linux/10/../../../../lib64/crt1.o /usr/lib64/gcc/x86_64-suse-linux/10/../../../../lib64/crti.o /usr/lib64/gcc/x86_64-suse-linux/10/crtbegin.o -L/usr/lib64/gcc/x86_64-suse-linux/10 -L/usr/lib64/gcc/x86_64-suse-linux/10/../../../../lib64 -L/lib/../lib64 -L/usr/lib/../lib64 -L/usr/lib64/gcc/x86_64-suse-linux/10/../../../../x86_64-suse-linux/lib -L/usr/lib64/gcc/x86_64-suse-linux/10/../../.. CMakeFiles/cmTC_9d7c6.dir/CMakeCCompilerABI.c.o -lgcc --push-state --as-needed -lgcc_s --pop-state -lc -lgcc --push-state --as-needed -lgcc_s --pop-state /usr/lib64/gcc/x86_64-suse-linux/10/crtend.o /usr/lib64/gcc/x86_64-suse-linux/10/../../../../lib64/crtn.o]
    arg [/usr/lib64/gcc/x86_64-suse-linux/10/collect2] ==> ignore
    arg [-plugin] ==> ignore
    arg [/usr/lib64/gcc/x86_64-suse-linux/10/liblto_plugin.so] ==> ignore
    arg [-plugin-opt=/usr/lib64/gcc/x86_64-suse-linux/10/lto-wrapper] ==> ignore
    arg [-plugin-opt=-fresolution=/tmp/ccFLJOSA.res] ==> ignore
    arg [-plugin-opt=-pass-through=-lgcc] ==> ignore
    arg [-plugin-opt=-pass-through=-lgcc_s] ==> ignore
    arg [-plugin-opt=-pass-through=-lc] ==> ignore
    arg [-plugin-opt=-pass-through=-lgcc] ==> ignore
    arg [-plugin-opt=-pass-through=-lgcc_s] ==> ignore
    arg [--build-id] ==> ignore
    arg [--eh-frame-hdr] ==> ignore
    arg [-m] ==> ignore
    arg [elf_x86_64] ==> ignore
    arg [-dynamic-linker] ==> ignore
    arg [/lib64/ld-linux-x86-64.so.2] ==> ignore
    arg [-o] ==> ignore
    arg [cmTC_9d7c6] ==> ignore
    arg [/usr/lib64/gcc/x86_64-suse-linux/10/../../../../lib64/crt1.o] ==> ignore
    arg [/usr/lib64/gcc/x86_64-suse-linux/10/../../../../lib64/crti.o] ==> ignore
    arg [/usr/lib64/gcc/x86_64-suse-linux/10/crtbegin.o] ==> ignore
    arg [-L/usr/lib64/gcc/x86_64-suse-linux/10] ==> dir [/usr/lib64/gcc/x86_64-suse-linux/10]
    arg [-L/usr/lib64/gcc/x86_64-suse-linux/10/../../../../lib64] ==> dir [/usr/lib64/gcc/x86_64-suse-linux/10/../../../../lib64]
    arg [-L/lib/../lib64] ==> dir [/lib/../lib64]
    arg [-L/usr/lib/../lib64] ==> dir [/usr/lib/../lib64]
    arg [-L/usr/lib64/gcc/x86_64-suse-linux/10/../../../../x86_64-suse-linux/lib] ==> dir [/usr/lib64/gcc/x86_64-suse-linux/10/../../../../x86_64-suse-linux/lib]
    arg [-L/usr/lib64/gcc/x86_64-suse-linux/10/../../..] ==> dir [/usr/lib64/gcc/x86_64-suse-linux/10/../../..]
    arg [CMakeFiles/cmTC_9d7c6.dir/CMakeCCompilerABI.c.o] ==> ignore
    arg [-lgcc] ==> lib [gcc]
    arg [--push-state] ==> ignore
    arg [--as-needed] ==> ignore
    arg [-lgcc_s] ==> lib [gcc_s]
    arg [--pop-state] ==> ignore
    arg [-lc] ==> lib [c]
    arg [-lgcc] ==> lib [gcc]
    arg [--push-state] ==> ignore
    arg [--as-needed] ==> ignore
    arg [-lgcc_s] ==> lib [gcc_s]
    arg [--pop-state] ==> ignore
    arg [/usr/lib64/gcc/x86_64-suse-linux/10/crtend.o] ==> ignore
    arg [/usr/lib64/gcc/x86_64-suse-linux/10/../../../../lib64/crtn.o] ==> ignore
  collapse library dir [/usr/lib64/gcc/x86_64-suse-linux/10] ==> [/usr/lib64/gcc/x86_64-suse-linux/10]
  collapse library dir [/usr/lib64/gcc/x86_64-suse-linux/10/../../../../lib64] ==> [/usr/lib64]
  collapse library dir [/lib/../lib64] ==> [/lib64]
  collapse library dir [/usr/lib/../lib64] ==> [/usr/lib64]
  collapse library dir [/usr/lib64/gcc/x86_64-suse-linux/10/../../../../x86_64-suse-linux/lib] ==> [/usr/x86_64-suse-linux/lib]
  collapse library dir [/usr/lib64/gcc/x86_64-suse-linux/10/../../..] ==> [/usr/lib64]
  implicit libs: [gcc;gcc_s;c;gcc;gcc_s]
  implicit dirs: [/usr/lib64/gcc/x86_64-suse-linux/10;/usr/lib64;/lib64;/usr/x86_64-suse-linux/lib]
  implicit fwks: []


Determining if the CXX compiler works passed with the following output:
Change Dir: /home/chiangfire/idea/workspace-cpp/c-study/cmake-build-debug/CMakeFiles/CMakeTmp

Run Build Command(s):/usr/bin/gmake cmTC_90589/fast && /usr/bin/gmake  -f CMakeFiles/cmTC_90589.dir/build.make CMakeFiles/cmTC_90589.dir/build
gmake[1]: 进入目录“/home/chiangfire/idea/workspace-cpp/c-study/cmake-build-debug/CMakeFiles/CMakeTmp”
Building CXX object CMakeFiles/cmTC_90589.dir/testCXXCompiler.cxx.o
/usr/bin/c++     -o CMakeFiles/cmTC_90589.dir/testCXXCompiler.cxx.o -c /home/chiangfire/idea/workspace-cpp/c-study/cmake-build-debug/CMakeFiles/CMakeTmp/testCXXCompiler.cxx
Linking CXX executable cmTC_90589
/home/chiangfire/idea/clion-2020.3.1/bin/cmake/linux/bin/cmake -E cmake_link_script CMakeFiles/cmTC_90589.dir/link.txt --verbose=1
/usr/bin/c++       CMakeFiles/cmTC_90589.dir/testCXXCompiler.cxx.o  -o cmTC_90589 
gmake[1]: 离开目录“/home/chiangfire/idea/workspace-cpp/c-study/cmake-build-debug/CMakeFiles/CMakeTmp”



Detecting CXX compiler ABI info compiled with the following output:
Change Dir: /home/chiangfire/idea/workspace-cpp/c-study/cmake-build-debug/CMakeFiles/CMakeTmp

Run Build Command(s):/usr/bin/gmake cmTC_9354c/fast && /usr/bin/gmake  -f CMakeFiles/cmTC_9354c.dir/build.make CMakeFiles/cmTC_9354c.dir/build
gmake[1]: Entering directory '/home/chiangfire/idea/workspace-cpp/c-study/cmake-build-debug/CMakeFiles/CMakeTmp'
Building CXX object CMakeFiles/cmTC_9354c.dir/CMakeCXXCompilerABI.cpp.o
/usr/bin/c++    -v -o CMakeFiles/cmTC_9354c.dir/CMakeCXXCompilerABI.cpp.o -c /home/chiangfire/idea/clion-2020.3.1/bin/cmake/linux/share/cmake-3.17/Modules/CMakeCXXCompilerABI.cpp
Using built-in specs.
COLLECT_GCC=/usr/bin/c++
OFFLOAD_TARGET_NAMES=nvptx-none:amdgcn-amdhsa
OFFLOAD_TARGET_DEFAULT=1
Target: x86_64-suse-linux
Configured with: ../configure --prefix=/usr --infodir=/usr/share/info --mandir=/usr/share/man --libdir=/usr/lib64 --libexecdir=/usr/lib64 --enable-languages=c,c++,objc,fortran,obj-c++,ada,go,d --enable-offload-targets=nvptx-none,amdgcn-amdhsa, --without-cuda-driver --enable-checking=release --disable-werror --with-gxx-include-dir=/usr/include/c++/10 --enable-ssp --disable-libssp --disable-libvtv --enable-cet=auto --disable-libcc1 --enable-plugin --with-bugurl=https://bugs.opensuse.org/ --with-pkgversion='SUSE Linux' --with-slibdir=/lib64 --with-system-zlib --enable-libstdcxx-allocator=new --disable-libstdcxx-pch --enable-libphobos --enable-version-specific-runtime-libs --with-gcc-major-version-only --enable-linker-build-id --enable-linux-futex --enable-gnu-indirect-function --program-suffix=-10 --without-system-libunwind --enable-multilib --with-arch-32=x86-64 --with-tune=generic --with-build-config=bootstrap-lto-lean --enable-link-mutex --build=x86_64-suse-linux --host=x86_64-suse-linux
Thread model: posix
Supported LTO compression algorithms: zlib zstd
gcc version 10.2.1 20201202 [revision e563687cf9d3d1278f45aaebd03e0f66531076c9] (SUSE Linux) 
COLLECT_GCC_OPTIONS='-v' '-o' 'CMakeFiles/cmTC_9354c.dir/CMakeCXXCompilerABI.cpp.o' '-c' '-shared-libgcc' '-mtune=generic' '-march=x86-64'
 /usr/lib64/gcc/x86_64-suse-linux/10/cc1plus -quiet -v -D_GNU_SOURCE /home/chiangfire/idea/clion-2020.3.1/bin/cmake/linux/share/cmake-3.17/Modules/CMakeCXXCompilerABI.cpp -quiet -dumpbase CMakeCXXCompilerABI.cpp -mtune=generic -march=x86-64 -auxbase-strip CMakeFiles/cmTC_9354c.dir/CMakeCXXCompilerABI.cpp.o -version -o /tmp/ccP7y1fR.s
GNU C++14 (SUSE Linux) version 10.2.1 20201202 [revision e563687cf9d3d1278f45aaebd03e0f66531076c9] (x86_64-suse-linux)
	compiled by GNU C version 10.2.1 20201202 [revision e563687cf9d3d1278f45aaebd03e0f66531076c9], GMP version 6.2.1, MPFR version 4.1.0, MPC version 1.2.1, isl version isl-0.23-GMP

GGC heuristics: --param ggc-min-expand=100 --param ggc-min-heapsize=131072
#include "..." search starts here:
#include <...> search starts here:
 /usr/include/c++/10
 /usr/include/c++/10/x86_64-suse-linux
 /usr/include/c++/10/backward
 /usr/lib64/gcc/x86_64-suse-linux/10/include
 /usr/local/include
 /usr/lib64/gcc/x86_64-suse-linux/10/include-fixed
 /usr/lib64/gcc/x86_64-suse-linux/10/../../../../x86_64-suse-linux/include
 /usr/include
End of search list.
GNU C++14 (SUSE Linux) version 10.2.1 20201202 [revision e563687cf9d3d1278f45aaebd03e0f66531076c9] (x86_64-suse-linux)
	compiled by GNU C version 10.2.1 20201202 [revision e563687cf9d3d1278f45aaebd03e0f66531076c9], GMP version 6.2.1, MPFR version 4.1.0, MPC version 1.2.1, isl version isl-0.23-GMP

GGC heuristics: --param ggc-min-expand=100 --param ggc-min-heapsize=131072
Compiler executable checksum: 00000000000000000000000000000000
COLLECT_GCC_OPTIONS='-v' '-o' 'CMakeFiles/cmTC_9354c.dir/CMakeCXXCompilerABI.cpp.o' '-c' '-shared-libgcc' '-mtune=generic' '-march=x86-64'
 /usr/lib64/gcc/x86_64-suse-linux/10/../../../../x86_64-suse-linux/bin/as -v --64 -o CMakeFiles/cmTC_9354c.dir/CMakeCXXCompilerABI.cpp.o /tmp/ccP7y1fR.s
GNU assembler version 2.35.1 (x86_64-suse-linux) using BFD version (GNU Binutils; openSUSE Tumbleweed) 2.35.1.20201112-1
COMPILER_PATH=/usr/lib64/gcc/x86_64-suse-linux/10/:/usr/lib64/gcc/x86_64-suse-linux/10/:/usr/lib64/gcc/x86_64-suse-linux/:/usr/lib64/gcc/x86_64-suse-linux/10/:/usr/lib64/gcc/x86_64-suse-linux/:/usr/lib64/gcc/x86_64-suse-linux/10/../../../../x86_64-suse-linux/bin/
LIBRARY_PATH=/usr/lib64/gcc/x86_64-suse-linux/10/:/usr/lib64/gcc/x86_64-suse-linux/10/../../../../lib64/:/lib/../lib64/:/usr/lib/../lib64/:/usr/lib64/gcc/x86_64-suse-linux/10/../../../../x86_64-suse-linux/lib/:/usr/lib64/gcc/x86_64-suse-linux/10/../../../:/lib/:/usr/lib/
COLLECT_GCC_OPTIONS='-v' '-o' 'CMakeFiles/cmTC_9354c.dir/CMakeCXXCompilerABI.cpp.o' '-c' '-shared-libgcc' '-mtune=generic' '-march=x86-64'
Linking CXX executable cmTC_9354c
/home/chiangfire/idea/clion-2020.3.1/bin/cmake/linux/bin/cmake -E cmake_link_script CMakeFiles/cmTC_9354c.dir/link.txt --verbose=1
/usr/bin/c++      -v CMakeFiles/cmTC_9354c.dir/CMakeCXXCompilerABI.cpp.o  -o cmTC_9354c 
Using built-in specs.
COLLECT_GCC=/usr/bin/c++
COLLECT_LTO_WRAPPER=/usr/lib64/gcc/x86_64-suse-linux/10/lto-wrapper
OFFLOAD_TARGET_NAMES=nvptx-none:amdgcn-amdhsa
OFFLOAD_TARGET_DEFAULT=1
Target: x86_64-suse-linux
Configured with: ../configure --prefix=/usr --infodir=/usr/share/info --mandir=/usr/share/man --libdir=/usr/lib64 --libexecdir=/usr/lib64 --enable-languages=c,c++,objc,fortran,obj-c++,ada,go,d --enable-offload-targets=nvptx-none,amdgcn-amdhsa, --without-cuda-driver --enable-checking=release --disable-werror --with-gxx-include-dir=/usr/include/c++/10 --enable-ssp --disable-libssp --disable-libvtv --enable-cet=auto --disable-libcc1 --enable-plugin --with-bugurl=https://bugs.opensuse.org/ --with-pkgversion='SUSE Linux' --with-slibdir=/lib64 --with-system-zlib --enable-libstdcxx-allocator=new --disable-libstdcxx-pch --enable-libphobos --enable-version-specific-runtime-libs --with-gcc-major-version-only --enable-linker-build-id --enable-linux-futex --enable-gnu-indirect-function --program-suffix=-10 --without-system-libunwind --enable-multilib --with-arch-32=x86-64 --with-tune=generic --with-build-config=bootstrap-lto-lean --enable-link-mutex --build=x86_64-suse-linux --host=x86_64-suse-linux
Thread model: posix
Supported LTO compression algorithms: zlib zstd
gcc version 10.2.1 20201202 [revision e563687cf9d3d1278f45aaebd03e0f66531076c9] (SUSE Linux) 
COMPILER_PATH=/usr/lib64/gcc/x86_64-suse-linux/10/:/usr/lib64/gcc/x86_64-suse-linux/10/:/usr/lib64/gcc/x86_64-suse-linux/:/usr/lib64/gcc/x86_64-suse-linux/10/:/usr/lib64/gcc/x86_64-suse-linux/:/usr/lib64/gcc/x86_64-suse-linux/10/../../../../x86_64-suse-linux/bin/
LIBRARY_PATH=/usr/lib64/gcc/x86_64-suse-linux/10/:/usr/lib64/gcc/x86_64-suse-linux/10/../../../../lib64/:/lib/../lib64/:/usr/lib/../lib64/:/usr/lib64/gcc/x86_64-suse-linux/10/../../../../x86_64-suse-linux/lib/:/usr/lib64/gcc/x86_64-suse-linux/10/../../../:/lib/:/usr/lib/
COLLECT_GCC_OPTIONS='-v' '-o' 'cmTC_9354c' '-shared-libgcc' '-mtune=generic' '-march=x86-64'
 /usr/lib64/gcc/x86_64-suse-linux/10/collect2 -plugin /usr/lib64/gcc/x86_64-suse-linux/10/liblto_plugin.so -plugin-opt=/usr/lib64/gcc/x86_64-suse-linux/10/lto-wrapper -plugin-opt=-fresolution=/tmp/cc6rnn6e.res -plugin-opt=-pass-through=-lgcc_s -plugin-opt=-pass-through=-lgcc -plugin-opt=-pass-through=-lc -plugin-opt=-pass-through=-lgcc_s -plugin-opt=-pass-through=-lgcc --build-id --eh-frame-hdr -m elf_x86_64 -dynamic-linker /lib64/ld-linux-x86-64.so.2 -o cmTC_9354c /usr/lib64/gcc/x86_64-suse-linux/10/../../../../lib64/crt1.o /usr/lib64/gcc/x86_64-suse-linux/10/../../../../lib64/crti.o /usr/lib64/gcc/x86_64-suse-linux/10/crtbegin.o -L/usr/lib64/gcc/x86_64-suse-linux/10 -L/usr/lib64/gcc/x86_64-suse-linux/10/../../../../lib64 -L/lib/../lib64 -L/usr/lib/../lib64 -L/usr/lib64/gcc/x86_64-suse-linux/10/../../../../x86_64-suse-linux/lib -L/usr/lib64/gcc/x86_64-suse-linux/10/../../.. CMakeFiles/cmTC_9354c.dir/CMakeCXXCompilerABI.cpp.o -lstdc++ -lm -lgcc_s -lgcc -lc -lgcc_s -lgcc /usr/lib64/gcc/x86_64-suse-linux/10/crtend.o /usr/lib64/gcc/x86_64-suse-linux/10/../../../../lib64/crtn.o
COLLECT_GCC_OPTIONS='-v' '-o' 'cmTC_9354c' '-shared-libgcc' '-mtune=generic' '-march=x86-64'
gmake[1]: Leaving directory '/home/chiangfire/idea/workspace-cpp/c-study/cmake-build-debug/CMakeFiles/CMakeTmp'



Parsed CXX implicit include dir info from above output: rv=done
  found start of include info
  found start of implicit include info
    add: [/usr/include/c++/10]
    add: [/usr/include/c++/10/x86_64-suse-linux]
    add: [/usr/include/c++/10/backward]
    add: [/usr/lib64/gcc/x86_64-suse-linux/10/include]
    add: [/usr/local/include]
    add: [/usr/lib64/gcc/x86_64-suse-linux/10/include-fixed]
    add: [/usr/lib64/gcc/x86_64-suse-linux/10/../../../../x86_64-suse-linux/include]
    add: [/usr/include]
  end of search list found
  collapse include dir [/usr/include/c++/10] ==> [/usr/include/c++/10]
  collapse include dir [/usr/include/c++/10/x86_64-suse-linux] ==> [/usr/include/c++/10/x86_64-suse-linux]
  collapse include dir [/usr/include/c++/10/backward] ==> [/usr/include/c++/10/backward]
  collapse include dir [/usr/lib64/gcc/x86_64-suse-linux/10/include] ==> [/usr/lib64/gcc/x86_64-suse-linux/10/include]
  collapse include dir [/usr/local/include] ==> [/usr/local/include]
  collapse include dir [/usr/lib64/gcc/x86_64-suse-linux/10/include-fixed] ==> [/usr/lib64/gcc/x86_64-suse-linux/10/include-fixed]
  collapse include dir [/usr/lib64/gcc/x86_64-suse-linux/10/../../../../x86_64-suse-linux/include] ==> [/usr/x86_64-suse-linux/include]
  collapse include dir [/usr/include] ==> [/usr/include]
  implicit include dirs: [/usr/include/c++/10;/usr/include/c++/10/x86_64-suse-linux;/usr/include/c++/10/backward;/usr/lib64/gcc/x86_64-suse-linux/10/include;/usr/local/include;/usr/lib64/gcc/x86_64-suse-linux/10/include-fixed;/usr/x86_64-suse-linux/include;/usr/include]


Parsed CXX implicit link information from above output:
  link line regex: [^( *|.*[/\])(ld|CMAKE_LINK_STARTFILE-NOTFOUND|([^/\]+-)?ld|collect2)[^/\]*( |$)]
  ignore line: [Change Dir: /home/chiangfire/idea/workspace-cpp/c-study/cmake-build-debug/CMakeFiles/CMakeTmp]
  ignore line: []
  ignore line: [Run Build Command(s):/usr/bin/gmake cmTC_9354c/fast && /usr/bin/gmake  -f CMakeFiles/cmTC_9354c.dir/build.make CMakeFiles/cmTC_9354c.dir/build]
  ignore line: [gmake[1]: Entering directory '/home/chiangfire/idea/workspace-cpp/c-study/cmake-build-debug/CMakeFiles/CMakeTmp']
  ignore line: [Building CXX object CMakeFiles/cmTC_9354c.dir/CMakeCXXCompilerABI.cpp.o]
  ignore line: [/usr/bin/c++    -v -o CMakeFiles/cmTC_9354c.dir/CMakeCXXCompilerABI.cpp.o -c /home/chiangfire/idea/clion-2020.3.1/bin/cmake/linux/share/cmake-3.17/Modules/CMakeCXXCompilerABI.cpp]
  ignore line: [Using built-in specs.]
  ignore line: [COLLECT_GCC=/usr/bin/c++]
  ignore line: [OFFLOAD_TARGET_NAMES=nvptx-none:amdgcn-amdhsa]
  ignore line: [OFFLOAD_TARGET_DEFAULT=1]
  ignore line: [Target: x86_64-suse-linux]
  ignore line: [Configured with: ../configure --prefix=/usr --infodir=/usr/share/info --mandir=/usr/share/man --libdir=/usr/lib64 --libexecdir=/usr/lib64 --enable-languages=c c++ objc fortran obj-c++ ada go d --enable-offload-targets=nvptx-none amdgcn-amdhsa  --without-cuda-driver --enable-checking=release --disable-werror --with-gxx-include-dir=/usr/include/c++/10 --enable-ssp --disable-libssp --disable-libvtv --enable-cet=auto --disable-libcc1 --enable-plugin --with-bugurl=https://bugs.opensuse.org/ --with-pkgversion='SUSE Linux' --with-slibdir=/lib64 --with-system-zlib --enable-libstdcxx-allocator=new --disable-libstdcxx-pch --enable-libphobos --enable-version-specific-runtime-libs --with-gcc-major-version-only --enable-linker-build-id --enable-linux-futex --enable-gnu-indirect-function --program-suffix=-10 --without-system-libunwind --enable-multilib --with-arch-32=x86-64 --with-tune=generic --with-build-config=bootstrap-lto-lean --enable-link-mutex --build=x86_64-suse-linux --host=x86_64-suse-linux]
  ignore line: [Thread model: posix]
  ignore line: [Supported LTO compression algorithms: zlib zstd]
  ignore line: [gcc version 10.2.1 20201202 [revision e563687cf9d3d1278f45aaebd03e0f66531076c9] (SUSE Linux) ]
  ignore line: [COLLECT_GCC_OPTIONS='-v' '-o' 'CMakeFiles/cmTC_9354c.dir/CMakeCXXCompilerABI.cpp.o' '-c' '-shared-libgcc' '-mtune=generic' '-march=x86-64']
  ignore line: [ /usr/lib64/gcc/x86_64-suse-linux/10/cc1plus -quiet -v -D_GNU_SOURCE /home/chiangfire/idea/clion-2020.3.1/bin/cmake/linux/share/cmake-3.17/Modules/CMakeCXXCompilerABI.cpp -quiet -dumpbase CMakeCXXCompilerABI.cpp -mtune=generic -march=x86-64 -auxbase-strip CMakeFiles/cmTC_9354c.dir/CMakeCXXCompilerABI.cpp.o -version -o /tmp/ccP7y1fR.s]
  ignore line: [GNU C++14 (SUSE Linux) version 10.2.1 20201202 [revision e563687cf9d3d1278f45aaebd03e0f66531076c9] (x86_64-suse-linux)]
  ignore line: [	compiled by GNU C version 10.2.1 20201202 [revision e563687cf9d3d1278f45aaebd03e0f66531076c9]  GMP version 6.2.1  MPFR version 4.1.0  MPC version 1.2.1  isl version isl-0.23-GMP]
  ignore line: []
  ignore line: [GGC heuristics: --param ggc-min-expand=100 --param ggc-min-heapsize=131072]
  ignore line: [#include "..." search starts here:]
  ignore line: [#include <...> search starts here:]
  ignore line: [ /usr/include/c++/10]
  ignore line: [ /usr/include/c++/10/x86_64-suse-linux]
  ignore line: [ /usr/include/c++/10/backward]
  ignore line: [ /usr/lib64/gcc/x86_64-suse-linux/10/include]
  ignore line: [ /usr/local/include]
  ignore line: [ /usr/lib64/gcc/x86_64-suse-linux/10/include-fixed]
  ignore line: [ /usr/lib64/gcc/x86_64-suse-linux/10/../../../../x86_64-suse-linux/include]
  ignore line: [ /usr/include]
  ignore line: [End of search list.]
  ignore line: [GNU C++14 (SUSE Linux) version 10.2.1 20201202 [revision e563687cf9d3d1278f45aaebd03e0f66531076c9] (x86_64-suse-linux)]
  ignore line: [	compiled by GNU C version 10.2.1 20201202 [revision e563687cf9d3d1278f45aaebd03e0f66531076c9]  GMP version 6.2.1  MPFR version 4.1.0  MPC version 1.2.1  isl version isl-0.23-GMP]
  ignore line: []
  ignore line: [GGC heuristics: --param ggc-min-expand=100 --param ggc-min-heapsize=131072]
  ignore line: [Compiler executable checksum: 00000000000000000000000000000000]
  ignore line: [COLLECT_GCC_OPTIONS='-v' '-o' 'CMakeFiles/cmTC_9354c.dir/CMakeCXXCompilerABI.cpp.o' '-c' '-shared-libgcc' '-mtune=generic' '-march=x86-64']
  ignore line: [ /usr/lib64/gcc/x86_64-suse-linux/10/../../../../x86_64-suse-linux/bin/as -v --64 -o CMakeFiles/cmTC_9354c.dir/CMakeCXXCompilerABI.cpp.o /tmp/ccP7y1fR.s]
  ignore line: [GNU assembler version 2.35.1 (x86_64-suse-linux) using BFD version (GNU Binutils]
  ignore line: [ openSUSE Tumbleweed) 2.35.1.20201112-1]
  ignore line: [COMPILER_PATH=/usr/lib64/gcc/x86_64-suse-linux/10/:/usr/lib64/gcc/x86_64-suse-linux/10/:/usr/lib64/gcc/x86_64-suse-linux/:/usr/lib64/gcc/x86_64-suse-linux/10/:/usr/lib64/gcc/x86_64-suse-linux/:/usr/lib64/gcc/x86_64-suse-linux/10/../../../../x86_64-suse-linux/bin/]
  ignore line: [LIBRARY_PATH=/usr/lib64/gcc/x86_64-suse-linux/10/:/usr/lib64/gcc/x86_64-suse-linux/10/../../../../lib64/:/lib/../lib64/:/usr/lib/../lib64/:/usr/lib64/gcc/x86_64-suse-linux/10/../../../../x86_64-suse-linux/lib/:/usr/lib64/gcc/x86_64-suse-linux/10/../../../:/lib/:/usr/lib/]
  ignore line: [COLLECT_GCC_OPTIONS='-v' '-o' 'CMakeFiles/cmTC_9354c.dir/CMakeCXXCompilerABI.cpp.o' '-c' '-shared-libgcc' '-mtune=generic' '-march=x86-64']
  ignore line: [Linking CXX executable cmTC_9354c]
  ignore line: [/home/chiangfire/idea/clion-2020.3.1/bin/cmake/linux/bin/cmake -E cmake_link_script CMakeFiles/cmTC_9354c.dir/link.txt --verbose=1]
  ignore line: [/usr/bin/c++      -v CMakeFiles/cmTC_9354c.dir/CMakeCXXCompilerABI.cpp.o  -o cmTC_9354c ]
  ignore line: [Using built-in specs.]
  ignore line: [COLLECT_GCC=/usr/bin/c++]
  ignore line: [COLLECT_LTO_WRAPPER=/usr/lib64/gcc/x86_64-suse-linux/10/lto-wrapper]
  ignore line: [OFFLOAD_TARGET_NAMES=nvptx-none:amdgcn-amdhsa]
  ignore line: [OFFLOAD_TARGET_DEFAULT=1]
  ignore line: [Target: x86_64-suse-linux]
  ignore line: [Configured with: ../configure --prefix=/usr --infodir=/usr/share/info --mandir=/usr/share/man --libdir=/usr/lib64 --libexecdir=/usr/lib64 --enable-languages=c c++ objc fortran obj-c++ ada go d --enable-offload-targets=nvptx-none amdgcn-amdhsa  --without-cuda-driver --enable-checking=release --disable-werror --with-gxx-include-dir=/usr/include/c++/10 --enable-ssp --disable-libssp --disable-libvtv --enable-cet=auto --disable-libcc1 --enable-plugin --with-bugurl=https://bugs.opensuse.org/ --with-pkgversion='SUSE Linux' --with-slibdir=/lib64 --with-system-zlib --enable-libstdcxx-allocator=new --disable-libstdcxx-pch --enable-libphobos --enable-version-specific-runtime-libs --with-gcc-major-version-only --enable-linker-build-id --enable-linux-futex --enable-gnu-indirect-function --program-suffix=-10 --without-system-libunwind --enable-multilib --with-arch-32=x86-64 --with-tune=generic --with-build-config=bootstrap-lto-lean --enable-link-mutex --build=x86_64-suse-linux --host=x86_64-suse-linux]
  ignore line: [Thread model: posix]
  ignore line: [Supported LTO compression algorithms: zlib zstd]
  ignore line: [gcc version 10.2.1 20201202 [revision e563687cf9d3d1278f45aaebd03e0f66531076c9] (SUSE Linux) ]
  ignore line: [COMPILER_PATH=/usr/lib64/gcc/x86_64-suse-linux/10/:/usr/lib64/gcc/x86_64-suse-linux/10/:/usr/lib64/gcc/x86_64-suse-linux/:/usr/lib64/gcc/x86_64-suse-linux/10/:/usr/lib64/gcc/x86_64-suse-linux/:/usr/lib64/gcc/x86_64-suse-linux/10/../../../../x86_64-suse-linux/bin/]
  ignore line: [LIBRARY_PATH=/usr/lib64/gcc/x86_64-suse-linux/10/:/usr/lib64/gcc/x86_64-suse-linux/10/../../../../lib64/:/lib/../lib64/:/usr/lib/../lib64/:/usr/lib64/gcc/x86_64-suse-linux/10/../../../../x86_64-suse-linux/lib/:/usr/lib64/gcc/x86_64-suse-linux/10/../../../:/lib/:/usr/lib/]
  ignore line: [COLLECT_GCC_OPTIONS='-v' '-o' 'cmTC_9354c' '-shared-libgcc' '-mtune=generic' '-march=x86-64']
  link line: [ /usr/lib64/gcc/x86_64-suse-linux/10/collect2 -plugin /usr/lib64/gcc/x86_64-suse-linux/10/liblto_plugin.so -plugin-opt=/usr/lib64/gcc/x86_64-suse-linux/10/lto-wrapper -plugin-opt=-fresolution=/tmp/cc6rnn6e.res -plugin-opt=-pass-through=-lgcc_s -plugin-opt=-pass-through=-lgcc -plugin-opt=-pass-through=-lc -plugin-opt=-pass-through=-lgcc_s -plugin-opt=-pass-through=-lgcc --build-id --eh-frame-hdr -m elf_x86_64 -dynamic-linker /lib64/ld-linux-x86-64.so.2 -o cmTC_9354c /usr/lib64/gcc/x86_64-suse-linux/10/../../../../lib64/crt1.o /usr/lib64/gcc/x86_64-suse-linux/10/../../../../lib64/crti.o /usr/lib64/gcc/x86_64-suse-linux/10/crtbegin.o -L/usr/lib64/gcc/x86_64-suse-linux/10 -L/usr/lib64/gcc/x86_64-suse-linux/10/../../../../lib64 -L/lib/../lib64 -L/usr/lib/../lib64 -L/usr/lib64/gcc/x86_64-suse-linux/10/../../../../x86_64-suse-linux/lib -L/usr/lib64/gcc/x86_64-suse-linux/10/../../.. CMakeFiles/cmTC_9354c.dir/CMakeCXXCompilerABI.cpp.o -lstdc++ -lm -lgcc_s -lgcc -lc -lgcc_s -lgcc /usr/lib64/gcc/x86_64-suse-linux/10/crtend.o /usr/lib64/gcc/x86_64-suse-linux/10/../../../../lib64/crtn.o]
    arg [/usr/lib64/gcc/x86_64-suse-linux/10/collect2] ==> ignore
    arg [-plugin] ==> ignore
    arg [/usr/lib64/gcc/x86_64-suse-linux/10/liblto_plugin.so] ==> ignore
    arg [-plugin-opt=/usr/lib64/gcc/x86_64-suse-linux/10/lto-wrapper] ==> ignore
    arg [-plugin-opt=-fresolution=/tmp/cc6rnn6e.res] ==> ignore
    arg [-plugin-opt=-pass-through=-lgcc_s] ==> ignore
    arg [-plugin-opt=-pass-through=-lgcc] ==> ignore
    arg [-plugin-opt=-pass-through=-lc] ==> ignore
    arg [-plugin-opt=-pass-through=-lgcc_s] ==> ignore
    arg [-plugin-opt=-pass-through=-lgcc] ==> ignore
    arg [--build-id] ==> ignore
    arg [--eh-frame-hdr] ==> ignore
    arg [-m] ==> ignore
    arg [elf_x86_64] ==> ignore
    arg [-dynamic-linker] ==> ignore
    arg [/lib64/ld-linux-x86-64.so.2] ==> ignore
    arg [-o] ==> ignore
    arg [cmTC_9354c] ==> ignore
    arg [/usr/lib64/gcc/x86_64-suse-linux/10/../../../../lib64/crt1.o] ==> ignore
    arg [/usr/lib64/gcc/x86_64-suse-linux/10/../../../../lib64/crti.o] ==> ignore
    arg [/usr/lib64/gcc/x86_64-suse-linux/10/crtbegin.o] ==> ignore
    arg [-L/usr/lib64/gcc/x86_64-suse-linux/10] ==> dir [/usr/lib64/gcc/x86_64-suse-linux/10]
    arg [-L/usr/lib64/gcc/x86_64-suse-linux/10/../../../../lib64] ==> dir [/usr/lib64/gcc/x86_64-suse-linux/10/../../../../lib64]
    arg [-L/lib/../lib64] ==> dir [/lib/../lib64]
    arg [-L/usr/lib/../lib64] ==> dir [/usr/lib/../lib64]
    arg [-L/usr/lib64/gcc/x86_64-suse-linux/10/../../../../x86_64-suse-linux/lib] ==> dir [/usr/lib64/gcc/x86_64-suse-linux/10/../../../../x86_64-suse-linux/lib]
    arg [-L/usr/lib64/gcc/x86_64-suse-linux/10/../../..] ==> dir [/usr/lib64/gcc/x86_64-suse-linux/10/../../..]
    arg [CMakeFiles/cmTC_9354c.dir/CMakeCXXCompilerABI.cpp.o] ==> ignore
    arg [-lstdc++] ==> lib [stdc++]
    arg [-lm] ==> lib [m]
    arg [-lgcc_s] ==> lib [gcc_s]
    arg [-lgcc] ==> lib [gcc]
    arg [-lc] ==> lib [c]
    arg [-lgcc_s] ==> lib [gcc_s]
    arg [-lgcc] ==> lib [gcc]
    arg [/usr/lib64/gcc/x86_64-suse-linux/10/crtend.o] ==> ignore
    arg [/usr/lib64/gcc/x86_64-suse-linux/10/../../../../lib64/crtn.o] ==> ignore
  collapse library dir [/usr/lib64/gcc/x86_64-suse-linux/10] ==> [/usr/lib64/gcc/x86_64-suse-linux/10]
  collapse library dir [/usr/lib64/gcc/x86_64-suse-linux/10/../../../../lib64] ==> [/usr/lib64]
  collapse library dir [/lib/../lib64] ==> [/lib64]
  collapse library dir [/usr/lib/../lib64] ==> [/usr/lib64]
  collapse library dir [/usr/lib64/gcc/x86_64-suse-linux/10/../../../../x86_64-suse-linux/lib] ==> [/usr/x86_64-suse-linux/lib]
  collapse library dir [/usr/lib64/gcc/x86_64-suse-linux/10/../../..] ==> [/usr/lib64]
  implicit libs: [stdc++;m;gcc_s;gcc;c;gcc_s;gcc]
  implicit dirs: [/usr/lib64/gcc/x86_64-suse-linux/10;/usr/lib64;/lib64;/usr/x86_64-suse-linux/lib]
  implicit fwks: []


Determining if the include file pthread.h exists passed with the following output:
Change Dir: /home/chiangfire/idea/workspace-cpp/c-study/cmake-build-debug/CMakeFiles/CMakeTmp

Run Build Command(s):/usr/bin/gmake cmTC_0eeeb/fast && /usr/bin/gmake  -f CMakeFiles/cmTC_0eeeb.dir/build.make CMakeFiles/cmTC_0eeeb.dir/build
gmake[1]: 进入目录“/home/chiangfire/idea/workspace-cpp/c-study/cmake-build-debug/CMakeFiles/CMakeTmp”
Building C object CMakeFiles/cmTC_0eeeb.dir/CheckIncludeFile.c.o
/usr/bin/cc    -o CMakeFiles/cmTC_0eeeb.dir/CheckIncludeFile.c.o   -c /home/chiangfire/idea/workspace-cpp/c-study/cmake-build-debug/CMakeFiles/CMakeTmp/CheckIncludeFile.c
Linking C executable cmTC_0eeeb
/home/chiangfire/idea/clion-2020.3.1/bin/cmake/linux/bin/cmake -E cmake_link_script CMakeFiles/cmTC_0eeeb.dir/link.txt --verbose=1
/usr/bin/cc      CMakeFiles/cmTC_0eeeb.dir/CheckIncludeFile.c.o  -o cmTC_0eeeb 
gmake[1]: 离开目录“/home/chiangfire/idea/workspace-cpp/c-study/cmake-build-debug/CMakeFiles/CMakeTmp”



Determining if the function pthread_create exists in the pthread passed with the following output:
Change Dir: /home/chiangfire/idea/workspace-cpp/c-study/cmake-build-debug/CMakeFiles/CMakeTmp

Run Build Command(s):/usr/bin/gmake cmTC_8e306/fast && /usr/bin/gmake  -f CMakeFiles/cmTC_8e306.dir/build.make CMakeFiles/cmTC_8e306.dir/build
gmake[1]: 进入目录“/home/chiangfire/idea/workspace-cpp/c-study/cmake-build-debug/CMakeFiles/CMakeTmp”
Building C object CMakeFiles/cmTC_8e306.dir/CheckFunctionExists.c.o
/usr/bin/cc   -DCHECK_FUNCTION_EXISTS=pthread_create   -o CMakeFiles/cmTC_8e306.dir/CheckFunctionExists.c.o   -c /home/chiangfire/idea/clion-2020.3.1/bin/cmake/linux/share/cmake-3.17/Modules/CheckFunctionExists.c
Linking C executable cmTC_8e306
/home/chiangfire/idea/clion-2020.3.1/bin/cmake/linux/bin/cmake -E cmake_link_script CMakeFiles/cmTC_8e306.dir/link.txt --verbose=1
/usr/bin/cc  -DCHECK_FUNCTION_EXISTS=pthread_create    CMakeFiles/cmTC_8e306.dir/CheckFunctionExists.c.o  -o cmTC_8e306  -lpthread 
gmake[1]: 离开目录“/home/chiangfire/idea/workspace-cpp/c-study/cmake-build-debug/CMakeFiles/CMakeTmp”



